2023-02-03T00:01:30.641+05:30  INFO 20596 --- [Thread-71] o.apache.catalina.core.StandardService   : Stopping service [Tomcat]
2023-02-03T00:01:30.650+05:30  INFO 20596 --- [Thread-71] com.zaxxer.hikari.HikariDataSource       : HikariPool-18 - Shutdown initiated...
2023-02-03T00:01:30.652+05:30  INFO 20596 --- [Thread-71] com.zaxxer.hikari.HikariDataSource       : HikariPool-18 - Shutdown completed.
2023-02-03T00:01:30.726+05:30  INFO 20596 --- [restartedMain] c.nv.doctorapp.MyDoctorApp1Application   : Starting MyDoctorApp1Application using Java 17.0.5 with PID 20596 (C:\Users\SAKSJOSH\Desktop\Sprint1\BookMyDoctorApp\MyDoctorApp1\bin\main started by saksjosh in C:\Users\SAKSJOSH\Desktop\Sprint1\BookMyDoctorApp\MyDoctorApp1)
2023-02-03T00:01:30.726+05:30  INFO 20596 --- [restartedMain] c.nv.doctorapp.MyDoctorApp1Application   : No active profile set, falling back to 1 default profile: "default"
2023-02-03T00:01:30.866+05:30  INFO 20596 --- [restartedMain] o.apache.catalina.core.StandardService   : Starting service [Tomcat]
2023-02-03T00:01:30.867+05:30  INFO 20596 --- [restartedMain] o.apache.catalina.core.StandardEngine    : Starting Servlet engine: [Apache Tomcat/10.1.5]
2023-02-03T00:01:30.881+05:30  INFO 20596 --- [restartedMain] o.a.c.c.C.[Tomcat].[localhost].[/]       : Initializing Spring embedded WebApplicationContext
2023-02-03T00:01:30.907+05:30  INFO 20596 --- [restartedMain] o.hibernate.jpa.internal.util.LogHelper  : HHH000204: Processing PersistenceUnitInfo [name: default]
2023-02-03T00:01:30.909+05:30  WARN 20596 --- [restartedMain] org.hibernate.orm.deprecation            : HHH90000021: Encountered deprecated setting [javax.persistence.sharedCache.mode], use [jakarta.persistence.sharedCache.mode] instead
2023-02-03T00:01:30.913+05:30  INFO 20596 --- [restartedMain] com.zaxxer.hikari.HikariDataSource       : HikariPool-19 - Starting...
2023-02-03T00:01:31.079+05:30  INFO 20596 --- [restartedMain] com.zaxxer.hikari.pool.HikariPool        : HikariPool-19 - Added connection org.postgresql.jdbc.PgConnection@1bd400ff
2023-02-03T00:01:31.079+05:30  INFO 20596 --- [restartedMain] com.zaxxer.hikari.HikariDataSource       : HikariPool-19 - Start completed.
2023-02-03T00:01:31.087+05:30  INFO 20596 --- [restartedMain] SQL dialect                              : HHH000400: Using dialect: org.hibernate.dialect.PostgreSQLDialect
2023-02-03T00:01:31.135+05:30  INFO 20596 --- [restartedMain] o.h.e.t.j.p.i.JtaPlatformInitiator       : HHH000490: Using JtaPlatform implementation: [org.hibernate.engine.transaction.jta.platform.internal.NoJtaPlatform]
2023-02-03T00:01:31.138+05:30  INFO 20596 --- [restartedMain] c.n.d.c.doctor.DoctorRestController      :  Doctor Rest Controller Called
2023-02-03T00:01:31.161+05:30  WARN 20596 --- [restartedMain] ocalVariableTableParameterNameDiscoverer : Using deprecated '-debug' fallback for parameter name resolution. Compile the affected code with '-parameters' instead or avoid its introspection: com.nv.doctorapp.repository.hospital.IHospitalRepository
2023-02-03T00:01:31.167+05:30  INFO 20596 --- [restartedMain] c.n.d.c.hospital.HospitalController      : Hospital Controller called
2023-02-03T00:01:31.176+05:30  WARN 20596 --- [restartedMain] JpaBaseConfiguration$JpaWebConfiguration : spring.jpa.open-in-view is enabled by default. Therefore, database queries may be performed during view rendering. Explicitly configure spring.jpa.open-in-view to disable this warning
2023-02-03T00:01:31.243+05:30  INFO 20596 --- [restartedMain] c.nv.doctorapp.MyDoctorApp1Application   : Started MyDoctorApp1Application in 0.534 seconds (process running for 11075.782)
2023-02-03T00:02:02.414+05:30  INFO 20596 --- [Thread-75] o.apache.catalina.core.StandardService   : Stopping service [Tomcat]
2023-02-03T00:02:02.417+05:30  INFO 20596 --- [Thread-75] com.zaxxer.hikari.HikariDataSource       : HikariPool-19 - Shutdown initiated...
2023-02-03T00:02:02.418+05:30  INFO 20596 --- [Thread-75] com.zaxxer.hikari.HikariDataSource       : HikariPool-19 - Shutdown completed.
2023-02-03T00:02:02.482+05:30  INFO 20596 --- [restartedMain] c.nv.doctorapp.MyDoctorApp1Application   : Starting MyDoctorApp1Application using Java 17.0.5 with PID 20596 (C:\Users\SAKSJOSH\Desktop\Sprint1\BookMyDoctorApp\MyDoctorApp1\bin\main started by saksjosh in C:\Users\SAKSJOSH\Desktop\Sprint1\BookMyDoctorApp\MyDoctorApp1)
2023-02-03T00:02:02.483+05:30  INFO 20596 --- [restartedMain] c.nv.doctorapp.MyDoctorApp1Application   : No active profile set, falling back to 1 default profile: "default"
2023-02-03T00:02:02.599+05:30  INFO 20596 --- [restartedMain] o.apache.catalina.core.StandardService   : Starting service [Tomcat]
2023-02-03T00:02:02.599+05:30  INFO 20596 --- [restartedMain] o.apache.catalina.core.StandardEngine    : Starting Servlet engine: [Apache Tomcat/10.1.5]
2023-02-03T00:02:02.620+05:30  INFO 20596 --- [restartedMain] o.a.c.c.C.[Tomcat].[localhost].[/]       : Initializing Spring embedded WebApplicationContext
2023-02-03T00:02:02.635+05:30  INFO 20596 --- [restartedMain] o.hibernate.jpa.internal.util.LogHelper  : HHH000204: Processing PersistenceUnitInfo [name: default]
2023-02-03T00:02:02.637+05:30  WARN 20596 --- [restartedMain] org.hibernate.orm.deprecation            : HHH90000021: Encountered deprecated setting [javax.persistence.sharedCache.mode], use [jakarta.persistence.sharedCache.mode] instead
2023-02-03T00:02:02.639+05:30  INFO 20596 --- [restartedMain] com.zaxxer.hikari.HikariDataSource       : HikariPool-20 - Starting...
2023-02-03T00:02:02.688+05:30  INFO 20596 --- [restartedMain] com.zaxxer.hikari.pool.HikariPool        : HikariPool-20 - Added connection org.postgresql.jdbc.PgConnection@1d61860b
2023-02-03T00:02:02.689+05:30  INFO 20596 --- [restartedMain] com.zaxxer.hikari.HikariDataSource       : HikariPool-20 - Start completed.
2023-02-03T00:02:02.696+05:30  INFO 20596 --- [restartedMain] SQL dialect                              : HHH000400: Using dialect: org.hibernate.dialect.PostgreSQLDialect
2023-02-03T00:02:02.754+05:30  INFO 20596 --- [restartedMain] o.h.e.t.j.p.i.JtaPlatformInitiator       : HHH000490: Using JtaPlatform implementation: [org.hibernate.engine.transaction.jta.platform.internal.NoJtaPlatform]
2023-02-03T00:02:02.758+05:30  INFO 20596 --- [restartedMain] c.n.d.c.doctor.DoctorRestController      :  Doctor Rest Controller Called
2023-02-03T00:02:02.782+05:30  WARN 20596 --- [restartedMain] ocalVariableTableParameterNameDiscoverer : Using deprecated '-debug' fallback for parameter name resolution. Compile the affected code with '-parameters' instead or avoid its introspection: com.nv.doctorapp.repository.hospital.IHospitalRepository
2023-02-03T00:02:02.787+05:30  INFO 20596 --- [restartedMain] c.n.d.c.hospital.HospitalController      : Hospital Controller called
2023-02-03T00:02:02.793+05:30  WARN 20596 --- [restartedMain] JpaBaseConfiguration$JpaWebConfiguration : spring.jpa.open-in-view is enabled by default. Therefore, database queries may be performed during view rendering. Explicitly configure spring.jpa.open-in-view to disable this warning
2023-02-03T00:02:02.834+05:30  INFO 20596 --- [restartedMain] c.nv.doctorapp.MyDoctorApp1Application   : Started MyDoctorApp1Application in 0.364 seconds (process running for 11107.374)
2023-02-03T00:05:47.188+05:30  INFO 20596 --- [Thread-79] o.apache.catalina.core.StandardService   : Stopping service [Tomcat]
2023-02-03T00:05:47.191+05:30  INFO 20596 --- [Thread-79] com.zaxxer.hikari.HikariDataSource       : HikariPool-20 - Shutdown initiated...
2023-02-03T00:05:47.192+05:30  INFO 20596 --- [Thread-79] com.zaxxer.hikari.HikariDataSource       : HikariPool-20 - Shutdown completed.
2023-02-03T00:05:47.275+05:30  INFO 20596 --- [restartedMain] c.nv.doctorapp.MyDoctorApp1Application   : Starting MyDoctorApp1Application using Java 17.0.5 with PID 20596 (C:\Users\SAKSJOSH\Desktop\Sprint1\BookMyDoctorApp\MyDoctorApp1\bin\main started by saksjosh in C:\Users\SAKSJOSH\Desktop\Sprint1\BookMyDoctorApp\MyDoctorApp1)
2023-02-03T00:05:47.275+05:30  INFO 20596 --- [restartedMain] c.nv.doctorapp.MyDoctorApp1Application   : No active profile set, falling back to 1 default profile: "default"
2023-02-03T00:05:47.413+05:30  INFO 20596 --- [restartedMain] o.apache.catalina.core.StandardService   : Starting service [Tomcat]
2023-02-03T00:05:47.414+05:30  INFO 20596 --- [restartedMain] o.apache.catalina.core.StandardEngine    : Starting Servlet engine: [Apache Tomcat/10.1.5]
2023-02-03T00:05:47.438+05:30  INFO 20596 --- [restartedMain] o.a.c.c.C.[Tomcat].[localhost].[/]       : Initializing Spring embedded WebApplicationContext
2023-02-03T00:05:47.454+05:30  INFO 20596 --- [restartedMain] o.hibernate.jpa.internal.util.LogHelper  : HHH000204: Processing PersistenceUnitInfo [name: default]
2023-02-03T00:05:47.456+05:30  WARN 20596 --- [restartedMain] org.hibernate.orm.deprecation            : HHH90000021: Encountered deprecated setting [javax.persistence.sharedCache.mode], use [jakarta.persistence.sharedCache.mode] instead
2023-02-03T00:05:47.458+05:30  INFO 20596 --- [restartedMain] com.zaxxer.hikari.HikariDataSource       : HikariPool-21 - Starting...
2023-02-03T00:05:47.630+05:30  INFO 20596 --- [restartedMain] com.zaxxer.hikari.pool.HikariPool        : HikariPool-21 - Added connection org.postgresql.jdbc.PgConnection@31735d34
2023-02-03T00:05:47.630+05:30  INFO 20596 --- [restartedMain] com.zaxxer.hikari.HikariDataSource       : HikariPool-21 - Start completed.
2023-02-03T00:05:47.637+05:30  INFO 20596 --- [restartedMain] SQL dialect                              : HHH000400: Using dialect: org.hibernate.dialect.PostgreSQLDialect
2023-02-03T00:05:47.697+05:30  INFO 20596 --- [restartedMain] o.h.e.t.j.p.i.JtaPlatformInitiator       : HHH000490: Using JtaPlatform implementation: [org.hibernate.engine.transaction.jta.platform.internal.NoJtaPlatform]
2023-02-03T00:05:47.701+05:30  INFO 20596 --- [restartedMain] c.n.d.c.doctor.DoctorRestController      :  Doctor Rest Controller Called
2023-02-03T00:05:47.724+05:30  WARN 20596 --- [restartedMain] ocalVariableTableParameterNameDiscoverer : Using deprecated '-debug' fallback for parameter name resolution. Compile the affected code with '-parameters' instead or avoid its introspection: com.nv.doctorapp.repository.hospital.IHospitalRepository
2023-02-03T00:05:47.732+05:30  INFO 20596 --- [restartedMain] c.n.d.c.hospital.HospitalController      : Hospital Controller called
2023-02-03T00:05:47.739+05:30  WARN 20596 --- [restartedMain] JpaBaseConfiguration$JpaWebConfiguration : spring.jpa.open-in-view is enabled by default. Therefore, database queries may be performed during view rendering. Explicitly configure spring.jpa.open-in-view to disable this warning
2023-02-03T00:05:47.793+05:30  INFO 20596 --- [restartedMain] c.nv.doctorapp.MyDoctorApp1Application   : Started MyDoctorApp1Application in 0.535 seconds (process running for 11332.33)
2023-02-03T00:12:08.160+05:30  INFO 20596 --- [Thread-83] o.apache.catalina.core.StandardService   : Stopping service [Tomcat]
2023-02-03T00:12:08.162+05:30  INFO 20596 --- [Thread-83] com.zaxxer.hikari.HikariDataSource       : HikariPool-21 - Shutdown initiated...
2023-02-03T00:12:08.163+05:30  INFO 20596 --- [Thread-83] com.zaxxer.hikari.HikariDataSource       : HikariPool-21 - Shutdown completed.
2023-02-03T00:12:08.232+05:30  INFO 20596 --- [restartedMain] c.nv.doctorapp.MyDoctorApp1Application   : Starting MyDoctorApp1Application using Java 17.0.5 with PID 20596 (C:\Users\SAKSJOSH\Desktop\Sprint1\BookMyDoctorApp\MyDoctorApp1\bin\main started by saksjosh in C:\Users\SAKSJOSH\Desktop\Sprint1\BookMyDoctorApp\MyDoctorApp1)
2023-02-03T00:12:08.232+05:30  INFO 20596 --- [restartedMain] c.nv.doctorapp.MyDoctorApp1Application   : No active profile set, falling back to 1 default profile: "default"
2023-02-03T00:12:08.352+05:30  INFO 20596 --- [restartedMain] o.apache.catalina.core.StandardService   : Starting service [Tomcat]
2023-02-03T00:12:08.352+05:30  INFO 20596 --- [restartedMain] o.apache.catalina.core.StandardEngine    : Starting Servlet engine: [Apache Tomcat/10.1.5]
2023-02-03T00:12:08.369+05:30  INFO 20596 --- [restartedMain] o.a.c.c.C.[Tomcat].[localhost].[/]       : Initializing Spring embedded WebApplicationContext
2023-02-03T00:12:08.385+05:30  INFO 20596 --- [restartedMain] o.hibernate.jpa.internal.util.LogHelper  : HHH000204: Processing PersistenceUnitInfo [name: default]
2023-02-03T00:12:08.386+05:30  WARN 20596 --- [restartedMain] org.hibernate.orm.deprecation            : HHH90000021: Encountered deprecated setting [javax.persistence.sharedCache.mode], use [jakarta.persistence.sharedCache.mode] instead
2023-02-03T00:12:08.389+05:30  INFO 20596 --- [restartedMain] com.zaxxer.hikari.HikariDataSource       : HikariPool-22 - Starting...
2023-02-03T00:12:08.444+05:30  INFO 20596 --- [restartedMain] com.zaxxer.hikari.pool.HikariPool        : HikariPool-22 - Added connection org.postgresql.jdbc.PgConnection@72cb5240
2023-02-03T00:12:08.444+05:30  INFO 20596 --- [restartedMain] com.zaxxer.hikari.HikariDataSource       : HikariPool-22 - Start completed.
2023-02-03T00:12:08.452+05:30  INFO 20596 --- [restartedMain] SQL dialect                              : HHH000400: Using dialect: org.hibernate.dialect.PostgreSQLDialect
2023-02-03T00:12:08.516+05:30  INFO 20596 --- [restartedMain] o.h.e.t.j.p.i.JtaPlatformInitiator       : HHH000490: Using JtaPlatform implementation: [org.hibernate.engine.transaction.jta.platform.internal.NoJtaPlatform]
2023-02-03T00:12:08.520+05:30  INFO 20596 --- [restartedMain] c.n.d.c.doctor.DoctorRestController      :  Doctor Rest Controller Called
2023-02-03T00:12:08.541+05:30  WARN 20596 --- [restartedMain] ocalVariableTableParameterNameDiscoverer : Using deprecated '-debug' fallback for parameter name resolution. Compile the affected code with '-parameters' instead or avoid its introspection: com.nv.doctorapp.repository.hospital.IHospitalRepository
2023-02-03T00:12:08.546+05:30  INFO 20596 --- [restartedMain] c.n.d.c.hospital.HospitalController      : Hospital Controller called
2023-02-03T00:12:08.551+05:30  WARN 20596 --- [restartedMain] JpaBaseConfiguration$JpaWebConfiguration : spring.jpa.open-in-view is enabled by default. Therefore, database queries may be performed during view rendering. Explicitly configure spring.jpa.open-in-view to disable this warning
2023-02-03T00:12:08.596+05:30  INFO 20596 --- [restartedMain] c.nv.doctorapp.MyDoctorApp1Application   : Started MyDoctorApp1Application in 0.377 seconds (process running for 11713.131)
2023-02-03T00:12:57.979+05:30  INFO 20596 --- [http-nio-8080-exec-2] o.a.c.c.C.[Tomcat].[localhost].[/]       : Initializing Spring DispatcherServlet 'dispatcherServlet'
2023-02-03T00:12:58.013+05:30 ERROR 20596 --- [http-nio-8080-exec-2] o.a.c.c.C.[.[.[/].[dispatcherServlet]    : Servlet.service() for servlet [dispatcherServlet] in context with path [] threw exception [Request processing failed:  Name cannot be null] with root cause

com.nv.doctorapp.exception.hospital.InvalidInputException: null
	at com.nv.doctorapp.service.hospital.HospitalServiceImpl.addHospital(HospitalServiceImpl.java:23) ~[main/:na]
	at com.nv.doctorapp.controller.hospital.HospitalController.saveHospital(HospitalController.java:48) ~[main/:na]
	at java.base/jdk.internal.reflect.NativeMethodAccessorImpl.invoke0(Native Method) ~[na:na]
	at java.base/jdk.internal.reflect.NativeMethodAccessorImpl.invoke(NativeMethodAccessorImpl.java:77) ~[na:na]
	at java.base/jdk.internal.reflect.DelegatingMethodAccessorImpl.invoke(DelegatingMethodAccessorImpl.java:43) ~[na:na]
	at java.base/java.lang.reflect.Method.invoke(Method.java:568) ~[na:na]
	at org.springframework.web.method.support.InvocableHandlerMethod.doInvoke(InvocableHandlerMethod.java:207) ~[spring-web-6.0.4.jar:6.0.4]
	at org.springframework.web.method.support.InvocableHandlerMethod.invokeForRequest(InvocableHandlerMethod.java:152) ~[spring-web-6.0.4.jar:6.0.4]
	at org.springframework.web.servlet.mvc.method.annotation.ServletInvocableHandlerMethod.invokeAndHandle(ServletInvocableHandlerMethod.java:117) ~[spring-webmvc-6.0.4.jar:6.0.4]
	at org.springframework.web.servlet.mvc.method.annotation.RequestMappingHandlerAdapter.invokeHandlerMethod(RequestMappingHandlerAdapter.java:884) ~[spring-webmvc-6.0.4.jar:6.0.4]
	at org.springframework.web.servlet.mvc.method.annotation.RequestMappingHandlerAdapter.handleInternal(RequestMappingHandlerAdapter.java:797) ~[spring-webmvc-6.0.4.jar:6.0.4]
	at org.springframework.web.servlet.mvc.method.AbstractHandlerMethodAdapter.handle(AbstractHandlerMethodAdapter.java:87) ~[spring-webmvc-6.0.4.jar:6.0.4]
	at org.springframework.web.servlet.DispatcherServlet.doDispatch(DispatcherServlet.java:1080) ~[spring-webmvc-6.0.4.jar:6.0.4]
	at org.springframework.web.servlet.DispatcherServlet.doService(DispatcherServlet.java:973) ~[spring-webmvc-6.0.4.jar:6.0.4]
	at org.springframework.web.servlet.FrameworkServlet.processRequest(FrameworkServlet.java:1011) ~[spring-webmvc-6.0.4.jar:6.0.4]
	at org.springframework.web.servlet.FrameworkServlet.doPost(FrameworkServlet.java:914) ~[spring-webmvc-6.0.4.jar:6.0.4]
	at jakarta.servlet.http.HttpServlet.service(HttpServlet.java:731) ~[tomcat-embed-core-10.1.5.jar:6.0]
	at org.springframework.web.servlet.FrameworkServlet.service(FrameworkServlet.java:885) ~[spring-webmvc-6.0.4.jar:6.0.4]
	at jakarta.servlet.http.HttpServlet.service(HttpServlet.java:814) ~[tomcat-embed-core-10.1.5.jar:6.0]
	at org.apache.catalina.core.ApplicationFilterChain.internalDoFilter(ApplicationFilterChain.java:223) ~[tomcat-embed-core-10.1.5.jar:10.1.5]
	at org.apache.catalina.core.ApplicationFilterChain.doFilter(ApplicationFilterChain.java:158) ~[tomcat-embed-core-10.1.5.jar:10.1.5]
	at org.apache.tomcat.websocket.server.WsFilter.doFilter(WsFilter.java:53) ~[tomcat-embed-websocket-10.1.5.jar:10.1.5]
	at org.apache.catalina.core.ApplicationFilterChain.internalDoFilter(ApplicationFilterChain.java:185) ~[tomcat-embed-core-10.1.5.jar:10.1.5]
	at org.apache.catalina.core.ApplicationFilterChain.doFilter(ApplicationFilterChain.java:158) ~[tomcat-embed-core-10.1.5.jar:10.1.5]
	at org.springframework.web.filter.RequestContextFilter.doFilterInternal(RequestContextFilter.java:100) ~[spring-web-6.0.4.jar:6.0.4]
	at org.springframework.web.filter.OncePerRequestFilter.doFilter(OncePerRequestFilter.java:116) ~[spring-web-6.0.4.jar:6.0.4]
	at org.apache.catalina.core.ApplicationFilterChain.internalDoFilter(ApplicationFilterChain.java:185) ~[tomcat-embed-core-10.1.5.jar:10.1.5]
	at org.apache.catalina.core.ApplicationFilterChain.doFilter(ApplicationFilterChain.java:158) ~[tomcat-embed-core-10.1.5.jar:10.1.5]
	at org.springframework.web.filter.FormContentFilter.doFilterInternal(FormContentFilter.java:93) ~[spring-web-6.0.4.jar:6.0.4]
	at org.springframework.web.filter.OncePerRequestFilter.doFilter(OncePerRequestFilter.java:116) ~[spring-web-6.0.4.jar:6.0.4]
	at org.apache.catalina.core.ApplicationFilterChain.internalDoFilter(ApplicationFilterChain.java:185) ~[tomcat-embed-core-10.1.5.jar:10.1.5]
	at org.apache.catalina.core.ApplicationFilterChain.doFilter(ApplicationFilterChain.java:158) ~[tomcat-embed-core-10.1.5.jar:10.1.5]
	at org.springframework.web.filter.CharacterEncodingFilter.doFilterInternal(CharacterEncodingFilter.java:201) ~[spring-web-6.0.4.jar:6.0.4]
	at org.springframework.web.filter.OncePerRequestFilter.doFilter(OncePerRequestFilter.java:116) ~[spring-web-6.0.4.jar:6.0.4]
	at org.apache.catalina.core.ApplicationFilterChain.internalDoFilter(ApplicationFilterChain.java:185) ~[tomcat-embed-core-10.1.5.jar:10.1.5]
	at org.apache.catalina.core.ApplicationFilterChain.doFilter(ApplicationFilterChain.java:158) ~[tomcat-embed-core-10.1.5.jar:10.1.5]
	at org.apache.catalina.core.StandardWrapperValve.invoke(StandardWrapperValve.java:177) ~[tomcat-embed-core-10.1.5.jar:10.1.5]
	at org.apache.catalina.core.StandardContextValve.invoke(StandardContextValve.java:97) ~[tomcat-embed-core-10.1.5.jar:10.1.5]
	at org.apache.catalina.authenticator.AuthenticatorBase.invoke(AuthenticatorBase.java:542) ~[tomcat-embed-core-10.1.5.jar:10.1.5]
	at org.apache.catalina.core.StandardHostValve.invoke(StandardHostValve.java:119) ~[tomcat-embed-core-10.1.5.jar:10.1.5]
	at org.apache.catalina.valves.ErrorReportValve.invoke(ErrorReportValve.java:92) ~[tomcat-embed-core-10.1.5.jar:10.1.5]
	at org.apache.catalina.core.StandardEngineValve.invoke(StandardEngineValve.java:78) ~[tomcat-embed-core-10.1.5.jar:10.1.5]
	at org.apache.catalina.connector.CoyoteAdapter.service(CoyoteAdapter.java:357) ~[tomcat-embed-core-10.1.5.jar:10.1.5]
	at org.apache.coyote.http11.Http11Processor.service(Http11Processor.java:400) ~[tomcat-embed-core-10.1.5.jar:10.1.5]
	at org.apache.coyote.AbstractProcessorLight.process(AbstractProcessorLight.java:65) ~[tomcat-embed-core-10.1.5.jar:10.1.5]
	at org.apache.coyote.AbstractProtocol$ConnectionHandler.process(AbstractProtocol.java:859) ~[tomcat-embed-core-10.1.5.jar:10.1.5]
	at org.apache.tomcat.util.net.NioEndpoint$SocketProcessor.doRun(NioEndpoint.java:1734) ~[tomcat-embed-core-10.1.5.jar:10.1.5]
	at org.apache.tomcat.util.net.SocketProcessorBase.run(SocketProcessorBase.java:52) ~[tomcat-embed-core-10.1.5.jar:10.1.5]
	at org.apache.tomcat.util.threads.ThreadPoolExecutor.runWorker(ThreadPoolExecutor.java:1191) ~[tomcat-embed-core-10.1.5.jar:10.1.5]
	at org.apache.tomcat.util.threads.ThreadPoolExecutor$Worker.run(ThreadPoolExecutor.java:659) ~[tomcat-embed-core-10.1.5.jar:10.1.5]
	at org.apache.tomcat.util.threads.TaskThread$WrappingRunnable.run(TaskThread.java:61) ~[tomcat-embed-core-10.1.5.jar:10.1.5]
	at java.base/java.lang.Thread.run(Thread.java:833) ~[na:na]

2023-02-03T00:13:18.775+05:30 ERROR 20596 --- [http-nio-8080-exec-4] o.a.c.c.C.[.[.[/].[dispatcherServlet]    : Servlet.service() for servlet [dispatcherServlet] in context with path [] threw exception [Request processing failed:  Name cannot be null] with root cause

com.nv.doctorapp.exception.hospital.InvalidInputException: null
	at com.nv.doctorapp.service.hospital.HospitalServiceImpl.addHospital(HospitalServiceImpl.java:23) ~[main/:na]
	at com.nv.doctorapp.controller.hospital.HospitalController.saveHospital(HospitalController.java:48) ~[main/:na]
	at java.base/jdk.internal.reflect.NativeMethodAccessorImpl.invoke0(Native Method) ~[na:na]
	at java.base/jdk.internal.reflect.NativeMethodAccessorImpl.invoke(NativeMethodAccessorImpl.java:77) ~[na:na]
	at java.base/jdk.internal.reflect.DelegatingMethodAccessorImpl.invoke(DelegatingMethodAccessorImpl.java:43) ~[na:na]
	at java.base/java.lang.reflect.Method.invoke(Method.java:568) ~[na:na]
	at org.springframework.web.method.support.InvocableHandlerMethod.doInvoke(InvocableHandlerMethod.java:207) ~[spring-web-6.0.4.jar:6.0.4]
	at org.springframework.web.method.support.InvocableHandlerMethod.invokeForRequest(InvocableHandlerMethod.java:152) ~[spring-web-6.0.4.jar:6.0.4]
	at org.springframework.web.servlet.mvc.method.annotation.ServletInvocableHandlerMethod.invokeAndHandle(ServletInvocableHandlerMethod.java:117) ~[spring-webmvc-6.0.4.jar:6.0.4]
	at org.springframework.web.servlet.mvc.method.annotation.RequestMappingHandlerAdapter.invokeHandlerMethod(RequestMappingHandlerAdapter.java:884) ~[spring-webmvc-6.0.4.jar:6.0.4]
	at org.springframework.web.servlet.mvc.method.annotation.RequestMappingHandlerAdapter.handleInternal(RequestMappingHandlerAdapter.java:797) ~[spring-webmvc-6.0.4.jar:6.0.4]
	at org.springframework.web.servlet.mvc.method.AbstractHandlerMethodAdapter.handle(AbstractHandlerMethodAdapter.java:87) ~[spring-webmvc-6.0.4.jar:6.0.4]
	at org.springframework.web.servlet.DispatcherServlet.doDispatch(DispatcherServlet.java:1080) ~[spring-webmvc-6.0.4.jar:6.0.4]
	at org.springframework.web.servlet.DispatcherServlet.doService(DispatcherServlet.java:973) ~[spring-webmvc-6.0.4.jar:6.0.4]
	at org.springframework.web.servlet.FrameworkServlet.processRequest(FrameworkServlet.java:1011) ~[spring-webmvc-6.0.4.jar:6.0.4]
	at org.springframework.web.servlet.FrameworkServlet.doPost(FrameworkServlet.java:914) ~[spring-webmvc-6.0.4.jar:6.0.4]
	at jakarta.servlet.http.HttpServlet.service(HttpServlet.java:731) ~[tomcat-embed-core-10.1.5.jar:6.0]
	at org.springframework.web.servlet.FrameworkServlet.service(FrameworkServlet.java:885) ~[spring-webmvc-6.0.4.jar:6.0.4]
	at jakarta.servlet.http.HttpServlet.service(HttpServlet.java:814) ~[tomcat-embed-core-10.1.5.jar:6.0]
	at org.apache.catalina.core.ApplicationFilterChain.internalDoFilter(ApplicationFilterChain.java:223) ~[tomcat-embed-core-10.1.5.jar:10.1.5]
	at org.apache.catalina.core.ApplicationFilterChain.doFilter(ApplicationFilterChain.java:158) ~[tomcat-embed-core-10.1.5.jar:10.1.5]
	at org.apache.tomcat.websocket.server.WsFilter.doFilter(WsFilter.java:53) ~[tomcat-embed-websocket-10.1.5.jar:10.1.5]
	at org.apache.catalina.core.ApplicationFilterChain.internalDoFilter(ApplicationFilterChain.java:185) ~[tomcat-embed-core-10.1.5.jar:10.1.5]
	at org.apache.catalina.core.ApplicationFilterChain.doFilter(ApplicationFilterChain.java:158) ~[tomcat-embed-core-10.1.5.jar:10.1.5]
	at org.springframework.web.filter.RequestContextFilter.doFilterInternal(RequestContextFilter.java:100) ~[spring-web-6.0.4.jar:6.0.4]
	at org.springframework.web.filter.OncePerRequestFilter.doFilter(OncePerRequestFilter.java:116) ~[spring-web-6.0.4.jar:6.0.4]
	at org.apache.catalina.core.ApplicationFilterChain.internalDoFilter(ApplicationFilterChain.java:185) ~[tomcat-embed-core-10.1.5.jar:10.1.5]
	at org.apache.catalina.core.ApplicationFilterChain.doFilter(ApplicationFilterChain.java:158) ~[tomcat-embed-core-10.1.5.jar:10.1.5]
	at org.springframework.web.filter.FormContentFilter.doFilterInternal(FormContentFilter.java:93) ~[spring-web-6.0.4.jar:6.0.4]
	at org.springframework.web.filter.OncePerRequestFilter.doFilter(OncePerRequestFilter.java:116) ~[spring-web-6.0.4.jar:6.0.4]
	at org.apache.catalina.core.ApplicationFilterChain.internalDoFilter(ApplicationFilterChain.java:185) ~[tomcat-embed-core-10.1.5.jar:10.1.5]
	at org.apache.catalina.core.ApplicationFilterChain.doFilter(ApplicationFilterChain.java:158) ~[tomcat-embed-core-10.1.5.jar:10.1.5]
	at org.springframework.web.filter.CharacterEncodingFilter.doFilterInternal(CharacterEncodingFilter.java:201) ~[spring-web-6.0.4.jar:6.0.4]
	at org.springframework.web.filter.OncePerRequestFilter.doFilter(OncePerRequestFilter.java:116) ~[spring-web-6.0.4.jar:6.0.4]
	at org.apache.catalina.core.ApplicationFilterChain.internalDoFilter(ApplicationFilterChain.java:185) ~[tomcat-embed-core-10.1.5.jar:10.1.5]
	at org.apache.catalina.core.ApplicationFilterChain.doFilter(ApplicationFilterChain.java:158) ~[tomcat-embed-core-10.1.5.jar:10.1.5]
	at org.apache.catalina.core.StandardWrapperValve.invoke(StandardWrapperValve.java:177) ~[tomcat-embed-core-10.1.5.jar:10.1.5]
	at org.apache.catalina.core.StandardContextValve.invoke(StandardContextValve.java:97) ~[tomcat-embed-core-10.1.5.jar:10.1.5]
	at org.apache.catalina.authenticator.AuthenticatorBase.invoke(AuthenticatorBase.java:542) ~[tomcat-embed-core-10.1.5.jar:10.1.5]
	at org.apache.catalina.core.StandardHostValve.invoke(StandardHostValve.java:119) ~[tomcat-embed-core-10.1.5.jar:10.1.5]
	at org.apache.catalina.valves.ErrorReportValve.invoke(ErrorReportValve.java:92) ~[tomcat-embed-core-10.1.5.jar:10.1.5]
	at org.apache.catalina.core.StandardEngineValve.invoke(StandardEngineValve.java:78) ~[tomcat-embed-core-10.1.5.jar:10.1.5]
	at org.apache.catalina.connector.CoyoteAdapter.service(CoyoteAdapter.java:357) ~[tomcat-embed-core-10.1.5.jar:10.1.5]
	at org.apache.coyote.http11.Http11Processor.service(Http11Processor.java:400) ~[tomcat-embed-core-10.1.5.jar:10.1.5]
	at org.apache.coyote.AbstractProcessorLight.process(AbstractProcessorLight.java:65) ~[tomcat-embed-core-10.1.5.jar:10.1.5]
	at org.apache.coyote.AbstractProtocol$ConnectionHandler.process(AbstractProtocol.java:859) ~[tomcat-embed-core-10.1.5.jar:10.1.5]
	at org.apache.tomcat.util.net.NioEndpoint$SocketProcessor.doRun(NioEndpoint.java:1734) ~[tomcat-embed-core-10.1.5.jar:10.1.5]
	at org.apache.tomcat.util.net.SocketProcessorBase.run(SocketProcessorBase.java:52) ~[tomcat-embed-core-10.1.5.jar:10.1.5]
	at org.apache.tomcat.util.threads.ThreadPoolExecutor.runWorker(ThreadPoolExecutor.java:1191) ~[tomcat-embed-core-10.1.5.jar:10.1.5]
	at org.apache.tomcat.util.threads.ThreadPoolExecutor$Worker.run(ThreadPoolExecutor.java:659) ~[tomcat-embed-core-10.1.5.jar:10.1.5]
	at org.apache.tomcat.util.threads.TaskThread$WrappingRunnable.run(TaskThread.java:61) ~[tomcat-embed-core-10.1.5.jar:10.1.5]
	at java.base/java.lang.Thread.run(Thread.java:833) ~[na:na]

2023-02-03T00:13:27.619+05:30 ERROR 20596 --- [http-nio-8080-exec-6] o.a.c.c.C.[.[.[/].[dispatcherServlet]    : Servlet.service() for servlet [dispatcherServlet] in context with path [] threw exception [Request processing failed: java.lang.NullPointerException: Invalid Id] with root cause

java.lang.NullPointerException: Invalid Id
	at com.nv.doctorapp.service.hospital.HospitalServiceImpl.addHospital(HospitalServiceImpl.java:38) ~[main/:na]
	at com.nv.doctorapp.controller.hospital.HospitalController.saveHospital(HospitalController.java:48) ~[main/:na]
	at java.base/jdk.internal.reflect.NativeMethodAccessorImpl.invoke0(Native Method) ~[na:na]
	at java.base/jdk.internal.reflect.NativeMethodAccessorImpl.invoke(NativeMethodAccessorImpl.java:77) ~[na:na]
	at java.base/jdk.internal.reflect.DelegatingMethodAccessorImpl.invoke(DelegatingMethodAccessorImpl.java:43) ~[na:na]
	at java.base/java.lang.reflect.Method.invoke(Method.java:568) ~[na:na]
	at org.springframework.web.method.support.InvocableHandlerMethod.doInvoke(InvocableHandlerMethod.java:207) ~[spring-web-6.0.4.jar:6.0.4]
	at org.springframework.web.method.support.InvocableHandlerMethod.invokeForRequest(InvocableHandlerMethod.java:152) ~[spring-web-6.0.4.jar:6.0.4]
	at org.springframework.web.servlet.mvc.method.annotation.ServletInvocableHandlerMethod.invokeAndHandle(ServletInvocableHandlerMethod.java:117) ~[spring-webmvc-6.0.4.jar:6.0.4]
	at org.springframework.web.servlet.mvc.method.annotation.RequestMappingHandlerAdapter.invokeHandlerMethod(RequestMappingHandlerAdapter.java:884) ~[spring-webmvc-6.0.4.jar:6.0.4]
	at org.springframework.web.servlet.mvc.method.annotation.RequestMappingHandlerAdapter.handleInternal(RequestMappingHandlerAdapter.java:797) ~[spring-webmvc-6.0.4.jar:6.0.4]
	at org.springframework.web.servlet.mvc.method.AbstractHandlerMethodAdapter.handle(AbstractHandlerMethodAdapter.java:87) ~[spring-webmvc-6.0.4.jar:6.0.4]
	at org.springframework.web.servlet.DispatcherServlet.doDispatch(DispatcherServlet.java:1080) ~[spring-webmvc-6.0.4.jar:6.0.4]
	at org.springframework.web.servlet.DispatcherServlet.doService(DispatcherServlet.java:973) ~[spring-webmvc-6.0.4.jar:6.0.4]
	at org.springframework.web.servlet.FrameworkServlet.processRequest(FrameworkServlet.java:1011) ~[spring-webmvc-6.0.4.jar:6.0.4]
	at org.springframework.web.servlet.FrameworkServlet.doPost(FrameworkServlet.java:914) ~[spring-webmvc-6.0.4.jar:6.0.4]
	at jakarta.servlet.http.HttpServlet.service(HttpServlet.java:731) ~[tomcat-embed-core-10.1.5.jar:6.0]
	at org.springframework.web.servlet.FrameworkServlet.service(FrameworkServlet.java:885) ~[spring-webmvc-6.0.4.jar:6.0.4]
	at jakarta.servlet.http.HttpServlet.service(HttpServlet.java:814) ~[tomcat-embed-core-10.1.5.jar:6.0]
	at org.apache.catalina.core.ApplicationFilterChain.internalDoFilter(ApplicationFilterChain.java:223) ~[tomcat-embed-core-10.1.5.jar:10.1.5]
	at org.apache.catalina.core.ApplicationFilterChain.doFilter(ApplicationFilterChain.java:158) ~[tomcat-embed-core-10.1.5.jar:10.1.5]
	at org.apache.tomcat.websocket.server.WsFilter.doFilter(WsFilter.java:53) ~[tomcat-embed-websocket-10.1.5.jar:10.1.5]
	at org.apache.catalina.core.ApplicationFilterChain.internalDoFilter(ApplicationFilterChain.java:185) ~[tomcat-embed-core-10.1.5.jar:10.1.5]
	at org.apache.catalina.core.ApplicationFilterChain.doFilter(ApplicationFilterChain.java:158) ~[tomcat-embed-core-10.1.5.jar:10.1.5]
	at org.springframework.web.filter.RequestContextFilter.doFilterInternal(RequestContextFilter.java:100) ~[spring-web-6.0.4.jar:6.0.4]
	at org.springframework.web.filter.OncePerRequestFilter.doFilter(OncePerRequestFilter.java:116) ~[spring-web-6.0.4.jar:6.0.4]
	at org.apache.catalina.core.ApplicationFilterChain.internalDoFilter(ApplicationFilterChain.java:185) ~[tomcat-embed-core-10.1.5.jar:10.1.5]
	at org.apache.catalina.core.ApplicationFilterChain.doFilter(ApplicationFilterChain.java:158) ~[tomcat-embed-core-10.1.5.jar:10.1.5]
	at org.springframework.web.filter.FormContentFilter.doFilterInternal(FormContentFilter.java:93) ~[spring-web-6.0.4.jar:6.0.4]
	at org.springframework.web.filter.OncePerRequestFilter.doFilter(OncePerRequestFilter.java:116) ~[spring-web-6.0.4.jar:6.0.4]
	at org.apache.catalina.core.ApplicationFilterChain.internalDoFilter(ApplicationFilterChain.java:185) ~[tomcat-embed-core-10.1.5.jar:10.1.5]
	at org.apache.catalina.core.ApplicationFilterChain.doFilter(ApplicationFilterChain.java:158) ~[tomcat-embed-core-10.1.5.jar:10.1.5]
	at org.springframework.web.filter.CharacterEncodingFilter.doFilterInternal(CharacterEncodingFilter.java:201) ~[spring-web-6.0.4.jar:6.0.4]
	at org.springframework.web.filter.OncePerRequestFilter.doFilter(OncePerRequestFilter.java:116) ~[spring-web-6.0.4.jar:6.0.4]
	at org.apache.catalina.core.ApplicationFilterChain.internalDoFilter(ApplicationFilterChain.java:185) ~[tomcat-embed-core-10.1.5.jar:10.1.5]
	at org.apache.catalina.core.ApplicationFilterChain.doFilter(ApplicationFilterChain.java:158) ~[tomcat-embed-core-10.1.5.jar:10.1.5]
	at org.apache.catalina.core.StandardWrapperValve.invoke(StandardWrapperValve.java:177) ~[tomcat-embed-core-10.1.5.jar:10.1.5]
	at org.apache.catalina.core.StandardContextValve.invoke(StandardContextValve.java:97) ~[tomcat-embed-core-10.1.5.jar:10.1.5]
	at org.apache.catalina.authenticator.AuthenticatorBase.invoke(AuthenticatorBase.java:542) ~[tomcat-embed-core-10.1.5.jar:10.1.5]
	at org.apache.catalina.core.StandardHostValve.invoke(StandardHostValve.java:119) ~[tomcat-embed-core-10.1.5.jar:10.1.5]
	at org.apache.catalina.valves.ErrorReportValve.invoke(ErrorReportValve.java:92) ~[tomcat-embed-core-10.1.5.jar:10.1.5]
	at org.apache.catalina.core.StandardEngineValve.invoke(StandardEngineValve.java:78) ~[tomcat-embed-core-10.1.5.jar:10.1.5]
	at org.apache.catalina.connector.CoyoteAdapter.service(CoyoteAdapter.java:357) ~[tomcat-embed-core-10.1.5.jar:10.1.5]
	at org.apache.coyote.http11.Http11Processor.service(Http11Processor.java:400) ~[tomcat-embed-core-10.1.5.jar:10.1.5]
	at org.apache.coyote.AbstractProcessorLight.process(AbstractProcessorLight.java:65) ~[tomcat-embed-core-10.1.5.jar:10.1.5]
	at org.apache.coyote.AbstractProtocol$ConnectionHandler.process(AbstractProtocol.java:859) ~[tomcat-embed-core-10.1.5.jar:10.1.5]
	at org.apache.tomcat.util.net.NioEndpoint$SocketProcessor.doRun(NioEndpoint.java:1734) ~[tomcat-embed-core-10.1.5.jar:10.1.5]
	at org.apache.tomcat.util.net.SocketProcessorBase.run(SocketProcessorBase.java:52) ~[tomcat-embed-core-10.1.5.jar:10.1.5]
	at org.apache.tomcat.util.threads.ThreadPoolExecutor.runWorker(ThreadPoolExecutor.java:1191) ~[tomcat-embed-core-10.1.5.jar:10.1.5]
	at org.apache.tomcat.util.threads.ThreadPoolExecutor$Worker.run(ThreadPoolExecutor.java:659) ~[tomcat-embed-core-10.1.5.jar:10.1.5]
	at org.apache.tomcat.util.threads.TaskThread$WrappingRunnable.run(TaskThread.java:61) ~[tomcat-embed-core-10.1.5.jar:10.1.5]
	at java.base/java.lang.Thread.run(Thread.java:833) ~[na:na]

2023-02-03T00:13:37.789+05:30  INFO 23992 --- [restartedMain] c.nv.doctorapp.MyDoctorApp1Application   : Starting MyDoctorApp1Application using Java 17.0.5 with PID 23992 (C:\Users\SAKSJOSH\Desktop\Sprint1\BookMyDoctorApp\MyDoctorApp1\bin\main started by saksjosh in C:\Users\SAKSJOSH\Desktop\Sprint1\BookMyDoctorApp\MyDoctorApp1)
2023-02-03T00:13:37.791+05:30  INFO 23992 --- [restartedMain] c.nv.doctorapp.MyDoctorApp1Application   : No active profile set, falling back to 1 default profile: "default"
2023-02-03T00:13:39.121+05:30  INFO 23992 --- [restartedMain] o.apache.catalina.core.StandardService   : Starting service [Tomcat]
2023-02-03T00:13:39.122+05:30  INFO 23992 --- [restartedMain] o.apache.catalina.core.StandardEngine    : Starting Servlet engine: [Apache Tomcat/10.1.5]
2023-02-03T00:13:39.196+05:30  INFO 23992 --- [restartedMain] o.a.c.c.C.[Tomcat].[localhost].[/]       : Initializing Spring embedded WebApplicationContext
2023-02-03T00:13:39.451+05:30  INFO 23992 --- [restartedMain] o.hibernate.jpa.internal.util.LogHelper  : HHH000204: Processing PersistenceUnitInfo [name: default]
2023-02-03T00:13:39.500+05:30  INFO 23992 --- [restartedMain] org.hibernate.Version                    : HHH000412: Hibernate ORM core version 6.1.6.Final
2023-02-03T00:13:39.637+05:30  WARN 23992 --- [restartedMain] org.hibernate.orm.deprecation            : HHH90000021: Encountered deprecated setting [javax.persistence.sharedCache.mode], use [jakarta.persistence.sharedCache.mode] instead
2023-02-03T00:13:39.738+05:30  INFO 23992 --- [restartedMain] com.zaxxer.hikari.HikariDataSource       : HikariPool-1 - Starting...
2023-02-03T00:13:39.926+05:30  INFO 23992 --- [restartedMain] com.zaxxer.hikari.pool.HikariPool        : HikariPool-1 - Added connection org.postgresql.jdbc.PgConnection@68a99220
2023-02-03T00:13:39.929+05:30  INFO 23992 --- [restartedMain] com.zaxxer.hikari.HikariDataSource       : HikariPool-1 - Start completed.
2023-02-03T00:13:39.955+05:30  INFO 23992 --- [restartedMain] SQL dialect                              : HHH000400: Using dialect: org.hibernate.dialect.PostgreSQLDialect
2023-02-03T00:13:40.694+05:30  INFO 23992 --- [restartedMain] o.h.e.t.j.p.i.JtaPlatformInitiator       : HHH000490: Using JtaPlatform implementation: [org.hibernate.engine.transaction.jta.platform.internal.NoJtaPlatform]
2023-02-03T00:13:40.712+05:30  INFO 23992 --- [restartedMain] c.n.d.c.doctor.DoctorRestController      :  Doctor Rest Controller Called
2023-02-03T00:13:40.976+05:30  WARN 23992 --- [restartedMain] ocalVariableTableParameterNameDiscoverer : Using deprecated '-debug' fallback for parameter name resolution. Compile the affected code with '-parameters' instead or avoid its introspection: com.nv.doctorapp.repository.hospital.IHospitalRepository
2023-02-03T00:13:41.045+05:30  INFO 23992 --- [restartedMain] c.n.d.c.hospital.HospitalController      : Hospital Controller called
2023-02-03T00:13:41.081+05:30  WARN 23992 --- [restartedMain] JpaBaseConfiguration$JpaWebConfiguration : spring.jpa.open-in-view is enabled by default. Therefore, database queries may be performed during view rendering. Explicitly configure spring.jpa.open-in-view to disable this warning
2023-02-03T00:13:41.440+05:30  INFO 23992 --- [restartedMain] c.nv.doctorapp.MyDoctorApp1Application   : Started MyDoctorApp1Application in 4.001 seconds (process running for 4.491)
2023-02-03T00:15:47.004+05:30  INFO 23992 --- [Thread-5] o.apache.catalina.core.StandardService   : Stopping service [Tomcat]
2023-02-03T00:15:47.011+05:30  INFO 23992 --- [Thread-5] com.zaxxer.hikari.HikariDataSource       : HikariPool-1 - Shutdown initiated...
2023-02-03T00:15:47.014+05:30  INFO 23992 --- [Thread-5] com.zaxxer.hikari.HikariDataSource       : HikariPool-1 - Shutdown completed.
2023-02-03T00:15:47.092+05:30  INFO 23992 --- [restartedMain] c.nv.doctorapp.MyDoctorApp1Application   : Starting MyDoctorApp1Application using Java 17.0.5 with PID 23992 (C:\Users\SAKSJOSH\Desktop\Sprint1\BookMyDoctorApp\MyDoctorApp1\bin\main started by saksjosh in C:\Users\SAKSJOSH\Desktop\Sprint1\BookMyDoctorApp\MyDoctorApp1)
2023-02-03T00:15:47.092+05:30  INFO 23992 --- [restartedMain] c.nv.doctorapp.MyDoctorApp1Application   : No active profile set, falling back to 1 default profile: "default"
2023-02-03T00:15:47.347+05:30  INFO 23992 --- [restartedMain] o.apache.catalina.core.StandardService   : Starting service [Tomcat]
2023-02-03T00:15:47.347+05:30  INFO 23992 --- [restartedMain] o.apache.catalina.core.StandardEngine    : Starting Servlet engine: [Apache Tomcat/10.1.5]
2023-02-03T00:15:47.372+05:30  INFO 23992 --- [restartedMain] o.a.c.c.C.[Tomcat].[localhost].[/]       : Initializing Spring embedded WebApplicationContext
2023-02-03T00:15:47.411+05:30  INFO 23992 --- [restartedMain] o.hibernate.jpa.internal.util.LogHelper  : HHH000204: Processing PersistenceUnitInfo [name: default]
2023-02-03T00:15:47.414+05:30  WARN 23992 --- [restartedMain] org.hibernate.orm.deprecation            : HHH90000021: Encountered deprecated setting [javax.persistence.sharedCache.mode], use [jakarta.persistence.sharedCache.mode] instead
2023-02-03T00:15:47.419+05:30  INFO 23992 --- [restartedMain] com.zaxxer.hikari.HikariDataSource       : HikariPool-2 - Starting...
2023-02-03T00:15:47.483+05:30  INFO 23992 --- [restartedMain] com.zaxxer.hikari.pool.HikariPool        : HikariPool-2 - Added connection org.postgresql.jdbc.PgConnection@514e6043
2023-02-03T00:15:47.484+05:30  INFO 23992 --- [restartedMain] com.zaxxer.hikari.HikariDataSource       : HikariPool-2 - Start completed.
2023-02-03T00:15:47.493+05:30  INFO 23992 --- [restartedMain] SQL dialect                              : HHH000400: Using dialect: org.hibernate.dialect.PostgreSQLDialect
2023-02-03T00:15:47.581+05:30  INFO 23992 --- [restartedMain] o.h.e.t.j.p.i.JtaPlatformInitiator       : HHH000490: Using JtaPlatform implementation: [org.hibernate.engine.transaction.jta.platform.internal.NoJtaPlatform]
2023-02-03T00:15:47.586+05:30  INFO 23992 --- [restartedMain] c.n.d.c.doctor.DoctorRestController      :  Doctor Rest Controller Called
2023-02-03T00:15:47.655+05:30  WARN 23992 --- [restartedMain] ocalVariableTableParameterNameDiscoverer : Using deprecated '-debug' fallback for parameter name resolution. Compile the affected code with '-parameters' instead or avoid its introspection: com.nv.doctorapp.repository.hospital.IHospitalRepository
2023-02-03T00:15:47.665+05:30  INFO 23992 --- [restartedMain] c.n.d.c.hospital.HospitalController      : Hospital Controller called
2023-02-03T00:15:47.680+05:30  WARN 23992 --- [restartedMain] JpaBaseConfiguration$JpaWebConfiguration : spring.jpa.open-in-view is enabled by default. Therefore, database queries may be performed during view rendering. Explicitly configure spring.jpa.open-in-view to disable this warning
2023-02-03T00:15:47.779+05:30  INFO 23992 --- [restartedMain] c.nv.doctorapp.MyDoctorApp1Application   : Started MyDoctorApp1Application in 0.713 seconds (process running for 130.828)
2023-02-03T00:15:55.049+05:30  INFO 23992 --- [http-nio-8080-exec-2] o.a.c.c.C.[Tomcat].[localhost].[/]       : Initializing Spring DispatcherServlet 'dispatcherServlet'
2023-02-03T00:15:55.215+05:30  INFO 23992 --- [http-nio-8080-exec-2] c.n.d.c.hospital.HospitalController      : Hospital SavedHospital(hospitalId=52, hospitalName=Kokilaben, city=Mumbai, state=Maharashtra, address=Navi Mumbai, hospitalRating=5, doctors=null)
2023-02-03T00:16:02.271+05:30  WARN 23992 --- [http-nio-8080-exec-3] .m.m.a.ExceptionHandlerExceptionResolver : Resolved [ Name cannot be null]
2023-02-03T00:16:16.632+05:30  WARN 23992 --- [http-nio-8080-exec-5] .m.m.a.ExceptionHandlerExceptionResolver : Resolved [ City not found]
2023-02-03T00:17:03.164+05:30  INFO 23992 --- [Thread-7] o.apache.catalina.core.StandardService   : Stopping service [Tomcat]
2023-02-03T00:17:03.164+05:30  INFO 23992 --- [Thread-7] o.a.c.c.C.[Tomcat].[localhost].[/]       : Destroying Spring FrameworkServlet 'dispatcherServlet'
2023-02-03T00:17:03.167+05:30  INFO 23992 --- [Thread-7] com.zaxxer.hikari.HikariDataSource       : HikariPool-2 - Shutdown initiated...
2023-02-03T00:17:03.169+05:30  INFO 23992 --- [Thread-7] com.zaxxer.hikari.HikariDataSource       : HikariPool-2 - Shutdown completed.
2023-02-03T00:17:03.249+05:30  INFO 23992 --- [restartedMain] c.nv.doctorapp.MyDoctorApp1Application   : Starting MyDoctorApp1Application using Java 17.0.5 with PID 23992 (C:\Users\SAKSJOSH\Desktop\Sprint1\BookMyDoctorApp\MyDoctorApp1\bin\main started by saksjosh in C:\Users\SAKSJOSH\Desktop\Sprint1\BookMyDoctorApp\MyDoctorApp1)
2023-02-03T00:17:03.250+05:30  INFO 23992 --- [restartedMain] c.nv.doctorapp.MyDoctorApp1Application   : No active profile set, falling back to 1 default profile: "default"
2023-02-03T00:17:03.523+05:30  INFO 23992 --- [restartedMain] o.apache.catalina.core.StandardService   : Starting service [Tomcat]
2023-02-03T00:17:03.524+05:30  INFO 23992 --- [restartedMain] o.apache.catalina.core.StandardEngine    : Starting Servlet engine: [Apache Tomcat/10.1.5]
2023-02-03T00:17:03.548+05:30  INFO 23992 --- [restartedMain] o.a.c.c.C.[Tomcat].[localhost].[/]       : Initializing Spring embedded WebApplicationContext
2023-02-03T00:17:03.593+05:30  INFO 23992 --- [restartedMain] o.hibernate.jpa.internal.util.LogHelper  : HHH000204: Processing PersistenceUnitInfo [name: default]
2023-02-03T00:17:03.597+05:30  WARN 23992 --- [restartedMain] org.hibernate.orm.deprecation            : HHH90000021: Encountered deprecated setting [javax.persistence.sharedCache.mode], use [jakarta.persistence.sharedCache.mode] instead
2023-02-03T00:17:03.601+05:30  INFO 23992 --- [restartedMain] com.zaxxer.hikari.HikariDataSource       : HikariPool-3 - Starting...
2023-02-03T00:17:03.672+05:30  INFO 23992 --- [restartedMain] com.zaxxer.hikari.pool.HikariPool        : HikariPool-3 - Added connection org.postgresql.jdbc.PgConnection@6a72dca0
2023-02-03T00:17:03.673+05:30  INFO 23992 --- [restartedMain] com.zaxxer.hikari.HikariDataSource       : HikariPool-3 - Start completed.
2023-02-03T00:17:03.684+05:30  INFO 23992 --- [restartedMain] SQL dialect                              : HHH000400: Using dialect: org.hibernate.dialect.PostgreSQLDialect
2023-02-03T00:17:03.773+05:30  INFO 23992 --- [restartedMain] o.h.e.t.j.p.i.JtaPlatformInitiator       : HHH000490: Using JtaPlatform implementation: [org.hibernate.engine.transaction.jta.platform.internal.NoJtaPlatform]
2023-02-03T00:17:03.780+05:30  INFO 23992 --- [restartedMain] c.n.d.c.doctor.DoctorRestController      :  Doctor Rest Controller Called
2023-02-03T00:17:03.843+05:30  WARN 23992 --- [restartedMain] ocalVariableTableParameterNameDiscoverer : Using deprecated '-debug' fallback for parameter name resolution. Compile the affected code with '-parameters' instead or avoid its introspection: com.nv.doctorapp.repository.hospital.IHospitalRepository
2023-02-03T00:17:03.853+05:30  INFO 23992 --- [restartedMain] c.n.d.c.hospital.HospitalController      : Hospital Controller called
2023-02-03T00:17:03.866+05:30  WARN 23992 --- [restartedMain] JpaBaseConfiguration$JpaWebConfiguration : spring.jpa.open-in-view is enabled by default. Therefore, database queries may be performed during view rendering. Explicitly configure spring.jpa.open-in-view to disable this warning
2023-02-03T00:17:03.945+05:30  INFO 23992 --- [restartedMain] c.nv.doctorapp.MyDoctorApp1Application   : Started MyDoctorApp1Application in 0.728 seconds (process running for 206.993)
2023-02-03T00:17:16.683+05:30  INFO 23992 --- [Thread-11] o.apache.catalina.core.StandardService   : Stopping service [Tomcat]
2023-02-03T00:17:16.687+05:30  INFO 23992 --- [Thread-11] com.zaxxer.hikari.HikariDataSource       : HikariPool-3 - Shutdown initiated...
2023-02-03T00:17:16.688+05:30  INFO 23992 --- [Thread-11] com.zaxxer.hikari.HikariDataSource       : HikariPool-3 - Shutdown completed.
2023-02-03T00:17:16.739+05:30  INFO 23992 --- [restartedMain] c.nv.doctorapp.MyDoctorApp1Application   : Starting MyDoctorApp1Application using Java 17.0.5 with PID 23992 (C:\Users\SAKSJOSH\Desktop\Sprint1\BookMyDoctorApp\MyDoctorApp1\bin\main started by saksjosh in C:\Users\SAKSJOSH\Desktop\Sprint1\BookMyDoctorApp\MyDoctorApp1)
2023-02-03T00:17:16.739+05:30  INFO 23992 --- [restartedMain] c.nv.doctorapp.MyDoctorApp1Application   : No active profile set, falling back to 1 default profile: "default"
2023-02-03T00:17:16.942+05:30  INFO 23992 --- [restartedMain] o.apache.catalina.core.StandardService   : Starting service [Tomcat]
2023-02-03T00:17:16.943+05:30  INFO 23992 --- [restartedMain] o.apache.catalina.core.StandardEngine    : Starting Servlet engine: [Apache Tomcat/10.1.5]
2023-02-03T00:17:16.970+05:30  INFO 23992 --- [restartedMain] o.a.c.c.C.[Tomcat].[localhost].[/]       : Initializing Spring embedded WebApplicationContext
2023-02-03T00:17:16.997+05:30  INFO 23992 --- [restartedMain] o.hibernate.jpa.internal.util.LogHelper  : HHH000204: Processing PersistenceUnitInfo [name: default]
2023-02-03T00:17:17.000+05:30  WARN 23992 --- [restartedMain] org.hibernate.orm.deprecation            : HHH90000021: Encountered deprecated setting [javax.persistence.sharedCache.mode], use [jakarta.persistence.sharedCache.mode] instead
2023-02-03T00:17:17.003+05:30  INFO 23992 --- [restartedMain] com.zaxxer.hikari.HikariDataSource       : HikariPool-4 - Starting...
2023-02-03T00:17:17.065+05:30  INFO 23992 --- [restartedMain] com.zaxxer.hikari.pool.HikariPool        : HikariPool-4 - Added connection org.postgresql.jdbc.PgConnection@6bbda994
2023-02-03T00:17:17.065+05:30  INFO 23992 --- [restartedMain] com.zaxxer.hikari.HikariDataSource       : HikariPool-4 - Start completed.
2023-02-03T00:17:17.074+05:30  INFO 23992 --- [restartedMain] SQL dialect                              : HHH000400: Using dialect: org.hibernate.dialect.PostgreSQLDialect
2023-02-03T00:17:17.143+05:30  INFO 23992 --- [restartedMain] o.h.e.t.j.p.i.JtaPlatformInitiator       : HHH000490: Using JtaPlatform implementation: [org.hibernate.engine.transaction.jta.platform.internal.NoJtaPlatform]
2023-02-03T00:17:17.147+05:30  INFO 23992 --- [restartedMain] c.n.d.c.doctor.DoctorRestController      :  Doctor Rest Controller Called
2023-02-03T00:17:17.191+05:30  WARN 23992 --- [restartedMain] ocalVariableTableParameterNameDiscoverer : Using deprecated '-debug' fallback for parameter name resolution. Compile the affected code with '-parameters' instead or avoid its introspection: com.nv.doctorapp.repository.hospital.IHospitalRepository
2023-02-03T00:17:17.201+05:30  INFO 23992 --- [restartedMain] c.n.d.c.hospital.HospitalController      : Hospital Controller called
2023-02-03T00:17:17.212+05:30  WARN 23992 --- [restartedMain] JpaBaseConfiguration$JpaWebConfiguration : spring.jpa.open-in-view is enabled by default. Therefore, database queries may be performed during view rendering. Explicitly configure spring.jpa.open-in-view to disable this warning
2023-02-03T00:17:17.283+05:30  INFO 23992 --- [restartedMain] c.nv.doctorapp.MyDoctorApp1Application   : Started MyDoctorApp1Application in 0.56 seconds (process running for 220.33)
2023-02-03T00:18:27.495+05:30  INFO 23992 --- [Thread-15] o.apache.catalina.core.StandardService   : Stopping service [Tomcat]
2023-02-03T00:18:27.498+05:30  INFO 23992 --- [Thread-15] com.zaxxer.hikari.HikariDataSource       : HikariPool-4 - Shutdown initiated...
2023-02-03T00:18:27.500+05:30  INFO 23992 --- [Thread-15] com.zaxxer.hikari.HikariDataSource       : HikariPool-4 - Shutdown completed.
2023-02-03T00:18:27.558+05:30  INFO 23992 --- [restartedMain] c.nv.doctorapp.MyDoctorApp1Application   : Starting MyDoctorApp1Application using Java 17.0.5 with PID 23992 (C:\Users\SAKSJOSH\Desktop\Sprint1\BookMyDoctorApp\MyDoctorApp1\bin\main started by saksjosh in C:\Users\SAKSJOSH\Desktop\Sprint1\BookMyDoctorApp\MyDoctorApp1)
2023-02-03T00:18:27.559+05:30  INFO 23992 --- [restartedMain] c.nv.doctorapp.MyDoctorApp1Application   : No active profile set, falling back to 1 default profile: "default"
2023-02-03T00:18:27.772+05:30  INFO 23992 --- [restartedMain] o.apache.catalina.core.StandardService   : Starting service [Tomcat]
2023-02-03T00:18:27.772+05:30  INFO 23992 --- [restartedMain] o.apache.catalina.core.StandardEngine    : Starting Servlet engine: [Apache Tomcat/10.1.5]
2023-02-03T00:18:27.801+05:30  INFO 23992 --- [restartedMain] o.a.c.c.C.[Tomcat].[localhost].[/]       : Initializing Spring embedded WebApplicationContext
2023-02-03T00:18:27.828+05:30  INFO 23992 --- [restartedMain] o.hibernate.jpa.internal.util.LogHelper  : HHH000204: Processing PersistenceUnitInfo [name: default]
2023-02-03T00:18:27.830+05:30  WARN 23992 --- [restartedMain] org.hibernate.orm.deprecation            : HHH90000021: Encountered deprecated setting [javax.persistence.sharedCache.mode], use [jakarta.persistence.sharedCache.mode] instead
2023-02-03T00:18:27.834+05:30  INFO 23992 --- [restartedMain] com.zaxxer.hikari.HikariDataSource       : HikariPool-5 - Starting...
2023-02-03T00:18:27.993+05:30  INFO 23992 --- [restartedMain] com.zaxxer.hikari.pool.HikariPool        : HikariPool-5 - Added connection org.postgresql.jdbc.PgConnection@363e20b2
2023-02-03T00:18:27.993+05:30  INFO 23992 --- [restartedMain] com.zaxxer.hikari.HikariDataSource       : HikariPool-5 - Start completed.
2023-02-03T00:18:28.007+05:30  INFO 23992 --- [restartedMain] SQL dialect                              : HHH000400: Using dialect: org.hibernate.dialect.PostgreSQLDialect
2023-02-03T00:18:28.075+05:30  INFO 23992 --- [restartedMain] o.h.e.t.j.p.i.JtaPlatformInitiator       : HHH000490: Using JtaPlatform implementation: [org.hibernate.engine.transaction.jta.platform.internal.NoJtaPlatform]
2023-02-03T00:18:28.079+05:30  INFO 23992 --- [restartedMain] c.n.d.c.doctor.DoctorRestController      :  Doctor Rest Controller Called
2023-02-03T00:18:28.113+05:30  WARN 23992 --- [restartedMain] ocalVariableTableParameterNameDiscoverer : Using deprecated '-debug' fallback for parameter name resolution. Compile the affected code with '-parameters' instead or avoid its introspection: com.nv.doctorapp.repository.hospital.IHospitalRepository
2023-02-03T00:18:28.120+05:30  INFO 23992 --- [restartedMain] c.n.d.c.hospital.HospitalController      : Hospital Controller called
2023-02-03T00:18:28.134+05:30  WARN 23992 --- [restartedMain] JpaBaseConfiguration$JpaWebConfiguration : spring.jpa.open-in-view is enabled by default. Therefore, database queries may be performed during view rendering. Explicitly configure spring.jpa.open-in-view to disable this warning
2023-02-03T00:18:28.213+05:30  INFO 23992 --- [restartedMain] c.nv.doctorapp.MyDoctorApp1Application   : Started MyDoctorApp1Application in 0.673 seconds (process running for 291.258)
2023-02-03T00:19:25.923+05:30  INFO 11408 --- [restartedMain] c.nv.doctorapp.MyDoctorApp1Application   : Starting MyDoctorApp1Application using Java 17.0.5 with PID 11408 (C:\Users\SAKSJOSH\Desktop\Sprint1\BookMyDoctorApp\MyDoctorApp1\bin\main started by saksjosh in C:\Users\SAKSJOSH\Desktop\Sprint1\BookMyDoctorApp\MyDoctorApp1)
2023-02-03T00:19:25.925+05:30  INFO 11408 --- [restartedMain] c.nv.doctorapp.MyDoctorApp1Application   : No active profile set, falling back to 1 default profile: "default"
2023-02-03T00:19:27.290+05:30  INFO 11408 --- [restartedMain] o.apache.catalina.core.StandardService   : Starting service [Tomcat]
2023-02-03T00:19:27.291+05:30  INFO 11408 --- [restartedMain] o.apache.catalina.core.StandardEngine    : Starting Servlet engine: [Apache Tomcat/10.1.5]
2023-02-03T00:19:27.382+05:30  INFO 11408 --- [restartedMain] o.a.c.c.C.[Tomcat].[localhost].[/]       : Initializing Spring embedded WebApplicationContext
2023-02-03T00:19:27.541+05:30  INFO 11408 --- [restartedMain] o.hibernate.jpa.internal.util.LogHelper  : HHH000204: Processing PersistenceUnitInfo [name: default]
2023-02-03T00:19:27.584+05:30  INFO 11408 --- [restartedMain] org.hibernate.Version                    : HHH000412: Hibernate ORM core version 6.1.6.Final
2023-02-03T00:19:27.717+05:30  WARN 11408 --- [restartedMain] org.hibernate.orm.deprecation            : HHH90000021: Encountered deprecated setting [javax.persistence.sharedCache.mode], use [jakarta.persistence.sharedCache.mode] instead
2023-02-03T00:19:27.807+05:30  INFO 11408 --- [restartedMain] com.zaxxer.hikari.HikariDataSource       : HikariPool-1 - Starting...
2023-02-03T00:19:27.968+05:30  INFO 11408 --- [restartedMain] com.zaxxer.hikari.pool.HikariPool        : HikariPool-1 - Added connection org.postgresql.jdbc.PgConnection@35870c68
2023-02-03T00:19:27.969+05:30  INFO 11408 --- [restartedMain] com.zaxxer.hikari.HikariDataSource       : HikariPool-1 - Start completed.
2023-02-03T00:19:27.996+05:30  INFO 11408 --- [restartedMain] SQL dialect                              : HHH000400: Using dialect: org.hibernate.dialect.PostgreSQLDialect
2023-02-03T00:19:28.764+05:30  INFO 11408 --- [restartedMain] o.h.e.t.j.p.i.JtaPlatformInitiator       : HHH000490: Using JtaPlatform implementation: [org.hibernate.engine.transaction.jta.platform.internal.NoJtaPlatform]
2023-02-03T00:19:28.780+05:30  INFO 11408 --- [restartedMain] c.n.d.c.doctor.DoctorRestController      :  Doctor Rest Controller Called
2023-02-03T00:19:29.047+05:30  WARN 11408 --- [restartedMain] ocalVariableTableParameterNameDiscoverer : Using deprecated '-debug' fallback for parameter name resolution. Compile the affected code with '-parameters' instead or avoid its introspection: com.nv.doctorapp.repository.hospital.IHospitalRepository
2023-02-03T00:19:29.111+05:30  INFO 11408 --- [restartedMain] c.n.d.c.hospital.HospitalController      : Hospital Controller called
2023-02-03T00:19:29.149+05:30  WARN 11408 --- [restartedMain] JpaBaseConfiguration$JpaWebConfiguration : spring.jpa.open-in-view is enabled by default. Therefore, database queries may be performed during view rendering. Explicitly configure spring.jpa.open-in-view to disable this warning
2023-02-03T00:19:29.458+05:30  WARN 11408 --- [restartedMain] o.s.b.d.a.OptionalLiveReloadServer       : Unable to start LiveReload server
2023-02-03T00:19:29.472+05:30  WARN 11408 --- [restartedMain] ConfigServletWebServerApplicationContext : Exception encountered during context initialization - cancelling refresh attempt: org.springframework.context.ApplicationContextException: Failed to start bean 'webServerStartStop'
2023-02-03T00:19:29.477+05:30  INFO 11408 --- [restartedMain] com.zaxxer.hikari.HikariDataSource       : HikariPool-1 - Shutdown initiated...
2023-02-03T00:19:29.481+05:30  INFO 11408 --- [restartedMain] com.zaxxer.hikari.HikariDataSource       : HikariPool-1 - Shutdown completed.
2023-02-03T00:19:29.484+05:30  INFO 11408 --- [restartedMain] o.apache.catalina.core.StandardService   : Stopping service [Tomcat]
2023-02-03T00:19:29.516+05:30 ERROR 11408 --- [restartedMain] o.s.b.d.LoggingFailureAnalysisReporter   : 

***************************
APPLICATION FAILED TO START
***************************

Description:

Web server failed to start. Port 8080 was already in use.

Action:

Identify and stop the process that's listening on port 8080 or configure this application to listen on another port.

2023-02-03T00:23:03.096+05:30  INFO 23992 --- [http-nio-8080-exec-2] o.a.c.c.C.[Tomcat].[localhost].[/]       : Initializing Spring DispatcherServlet 'dispatcherServlet'
2023-02-03T00:23:03.100+05:30  WARN 23992 --- [http-nio-8080-exec-2] ocalVariableTableParameterNameDiscoverer : Using deprecated '-debug' fallback for parameter name resolution. Compile the affected code with '-parameters' instead or avoid its introspection: com.nv.doctorapp.controller.hospital.HospitalController
2023-02-03T00:23:49.891+05:30  WARN 23992 --- [http-nio-8080-exec-4] .m.m.a.ExceptionHandlerExceptionResolver : Resolved [java.lang.NullPointerException: Invalid Id]
2023-02-03T00:24:33.018+05:30  INFO 23992 --- [Thread-19] o.apache.catalina.core.StandardService   : Stopping service [Tomcat]
2023-02-03T00:24:33.019+05:30  INFO 23992 --- [Thread-19] o.a.c.c.C.[Tomcat].[localhost].[/]       : Destroying Spring FrameworkServlet 'dispatcherServlet'
2023-02-03T00:24:33.021+05:30  INFO 23992 --- [Thread-19] com.zaxxer.hikari.HikariDataSource       : HikariPool-5 - Shutdown initiated...
2023-02-03T00:24:33.022+05:30  INFO 23992 --- [Thread-19] com.zaxxer.hikari.HikariDataSource       : HikariPool-5 - Shutdown completed.
2023-02-03T00:24:33.077+05:30  INFO 23992 --- [restartedMain] c.nv.doctorapp.MyDoctorApp1Application   : Starting MyDoctorApp1Application using Java 17.0.5 with PID 23992 (C:\Users\SAKSJOSH\Desktop\Sprint1\BookMyDoctorApp\MyDoctorApp1\bin\main started by saksjosh in C:\Users\SAKSJOSH\Desktop\Sprint1\BookMyDoctorApp\MyDoctorApp1)
2023-02-03T00:24:33.078+05:30  INFO 23992 --- [restartedMain] c.nv.doctorapp.MyDoctorApp1Application   : No active profile set, falling back to 1 default profile: "default"
2023-02-03T00:24:33.254+05:30  INFO 23992 --- [restartedMain] o.apache.catalina.core.StandardService   : Starting service [Tomcat]
2023-02-03T00:24:33.255+05:30  INFO 23992 --- [restartedMain] o.apache.catalina.core.StandardEngine    : Starting Servlet engine: [Apache Tomcat/10.1.5]
2023-02-03T00:24:33.276+05:30  INFO 23992 --- [restartedMain] o.a.c.c.C.[Tomcat].[localhost].[/]       : Initializing Spring embedded WebApplicationContext
2023-02-03T00:24:33.297+05:30  INFO 23992 --- [restartedMain] o.hibernate.jpa.internal.util.LogHelper  : HHH000204: Processing PersistenceUnitInfo [name: default]
2023-02-03T00:24:33.299+05:30  WARN 23992 --- [restartedMain] org.hibernate.orm.deprecation            : HHH90000021: Encountered deprecated setting [javax.persistence.sharedCache.mode], use [jakarta.persistence.sharedCache.mode] instead
2023-02-03T00:24:33.301+05:30  INFO 23992 --- [restartedMain] com.zaxxer.hikari.HikariDataSource       : HikariPool-6 - Starting...
2023-02-03T00:24:33.354+05:30  INFO 23992 --- [restartedMain] com.zaxxer.hikari.pool.HikariPool        : HikariPool-6 - Added connection org.postgresql.jdbc.PgConnection@165fb7ef
2023-02-03T00:24:33.354+05:30  INFO 23992 --- [restartedMain] com.zaxxer.hikari.HikariDataSource       : HikariPool-6 - Start completed.
2023-02-03T00:24:33.362+05:30  INFO 23992 --- [restartedMain] SQL dialect                              : HHH000400: Using dialect: org.hibernate.dialect.PostgreSQLDialect
2023-02-03T00:24:33.416+05:30  INFO 23992 --- [restartedMain] o.h.e.t.j.p.i.JtaPlatformInitiator       : HHH000490: Using JtaPlatform implementation: [org.hibernate.engine.transaction.jta.platform.internal.NoJtaPlatform]
2023-02-03T00:24:33.423+05:30  INFO 23992 --- [restartedMain] c.n.d.c.doctor.DoctorRestController      :  Doctor Rest Controller Called
2023-02-03T00:24:33.453+05:30  WARN 23992 --- [restartedMain] ocalVariableTableParameterNameDiscoverer : Using deprecated '-debug' fallback for parameter name resolution. Compile the affected code with '-parameters' instead or avoid its introspection: com.nv.doctorapp.repository.hospital.IHospitalRepository
2023-02-03T00:24:33.458+05:30  INFO 23992 --- [restartedMain] c.n.d.c.hospital.HospitalController      : Hospital Controller called
2023-02-03T00:24:33.467+05:30  WARN 23992 --- [restartedMain] JpaBaseConfiguration$JpaWebConfiguration : spring.jpa.open-in-view is enabled by default. Therefore, database queries may be performed during view rendering. Explicitly configure spring.jpa.open-in-view to disable this warning
2023-02-03T00:24:33.518+05:30  INFO 23992 --- [restartedMain] c.nv.doctorapp.MyDoctorApp1Application   : Started MyDoctorApp1Application in 0.458 seconds (process running for 656.559)
2023-02-03T00:25:46.202+05:30  INFO 23992 --- [http-nio-8080-exec-2] o.a.c.c.C.[Tomcat].[localhost].[/]       : Initializing Spring DispatcherServlet 'dispatcherServlet'
2023-02-03T00:26:14.323+05:30  WARN 23992 --- [http-nio-8080-exec-3] ocalVariableTableParameterNameDiscoverer : Using deprecated '-debug' fallback for parameter name resolution. Compile the affected code with '-parameters' instead or avoid its introspection: com.nv.doctorapp.controller.hospital.HospitalController
2023-02-03T00:26:50.456+05:30  WARN 23992 --- [http-nio-8080-exec-6] .m.m.a.ExceptionHandlerExceptionResolver : Resolved [java.lang.NullPointerException: Invalid Id]
2023-02-03T00:27:00.429+05:30  WARN 23992 --- [http-nio-8080-exec-8] .m.m.a.ExceptionHandlerExceptionResolver : Resolved [java.lang.NullPointerException: Invalid Id]
2023-02-03T00:27:02.590+05:30  WARN 23992 --- [http-nio-8080-exec-10] .m.m.a.ExceptionHandlerExceptionResolver : Resolved [java.lang.NullPointerException: Invalid Id]
2023-02-03T00:27:34.560+05:30  INFO 23992 --- [Thread-23] o.apache.catalina.core.StandardService   : Stopping service [Tomcat]
2023-02-03T00:27:34.561+05:30  INFO 23992 --- [Thread-23] o.a.c.c.C.[Tomcat].[localhost].[/]       : Destroying Spring FrameworkServlet 'dispatcherServlet'
2023-02-03T00:27:34.563+05:30  INFO 23992 --- [Thread-23] com.zaxxer.hikari.HikariDataSource       : HikariPool-6 - Shutdown initiated...
2023-02-03T00:27:34.564+05:30  INFO 23992 --- [Thread-23] com.zaxxer.hikari.HikariDataSource       : HikariPool-6 - Shutdown completed.
2023-02-03T00:27:34.618+05:30  INFO 23992 --- [restartedMain] c.nv.doctorapp.MyDoctorApp1Application   : Starting MyDoctorApp1Application using Java 17.0.5 with PID 23992 (C:\Users\SAKSJOSH\Desktop\Sprint1\BookMyDoctorApp\MyDoctorApp1\bin\main started by saksjosh in C:\Users\SAKSJOSH\Desktop\Sprint1\BookMyDoctorApp\MyDoctorApp1)
2023-02-03T00:27:34.618+05:30  INFO 23992 --- [restartedMain] c.nv.doctorapp.MyDoctorApp1Application   : No active profile set, falling back to 1 default profile: "default"
2023-02-03T00:27:34.838+05:30  INFO 23992 --- [restartedMain] o.apache.catalina.core.StandardService   : Starting service [Tomcat]
2023-02-03T00:27:34.838+05:30  INFO 23992 --- [restartedMain] o.apache.catalina.core.StandardEngine    : Starting Servlet engine: [Apache Tomcat/10.1.5]
2023-02-03T00:27:34.860+05:30  INFO 23992 --- [restartedMain] o.a.c.c.C.[Tomcat].[localhost].[/]       : Initializing Spring embedded WebApplicationContext
2023-02-03T00:27:34.892+05:30  INFO 23992 --- [restartedMain] o.hibernate.jpa.internal.util.LogHelper  : HHH000204: Processing PersistenceUnitInfo [name: default]
2023-02-03T00:27:34.896+05:30  WARN 23992 --- [restartedMain] org.hibernate.orm.deprecation            : HHH90000021: Encountered deprecated setting [javax.persistence.sharedCache.mode], use [jakarta.persistence.sharedCache.mode] instead
2023-02-03T00:27:34.902+05:30  INFO 23992 --- [restartedMain] com.zaxxer.hikari.HikariDataSource       : HikariPool-7 - Starting...
2023-02-03T00:27:34.978+05:30  INFO 23992 --- [restartedMain] com.zaxxer.hikari.pool.HikariPool        : HikariPool-7 - Added connection org.postgresql.jdbc.PgConnection@14b8689b
2023-02-03T00:27:34.978+05:30  INFO 23992 --- [restartedMain] com.zaxxer.hikari.HikariDataSource       : HikariPool-7 - Start completed.
2023-02-03T00:27:34.992+05:30  INFO 23992 --- [restartedMain] SQL dialect                              : HHH000400: Using dialect: org.hibernate.dialect.PostgreSQLDialect
2023-02-03T00:27:35.065+05:30  INFO 23992 --- [restartedMain] o.h.e.t.j.p.i.JtaPlatformInitiator       : HHH000490: Using JtaPlatform implementation: [org.hibernate.engine.transaction.jta.platform.internal.NoJtaPlatform]
2023-02-03T00:27:35.071+05:30  INFO 23992 --- [restartedMain] c.n.d.c.doctor.DoctorRestController      :  Doctor Rest Controller Called
2023-02-03T00:27:35.112+05:30  WARN 23992 --- [restartedMain] ocalVariableTableParameterNameDiscoverer : Using deprecated '-debug' fallback for parameter name resolution. Compile the affected code with '-parameters' instead or avoid its introspection: com.nv.doctorapp.repository.hospital.IHospitalRepository
2023-02-03T00:27:35.119+05:30  INFO 23992 --- [restartedMain] c.n.d.c.hospital.HospitalController      : Hospital Controller called
2023-02-03T00:27:35.129+05:30  WARN 23992 --- [restartedMain] JpaBaseConfiguration$JpaWebConfiguration : spring.jpa.open-in-view is enabled by default. Therefore, database queries may be performed during view rendering. Explicitly configure spring.jpa.open-in-view to disable this warning
2023-02-03T00:27:35.185+05:30  INFO 23992 --- [restartedMain] c.nv.doctorapp.MyDoctorApp1Application   : Started MyDoctorApp1Application in 0.582 seconds (process running for 838.225)
2023-02-03T00:28:48.536+05:30  INFO 23992 --- [Thread-27] o.apache.catalina.core.StandardService   : Stopping service [Tomcat]
2023-02-03T00:28:48.540+05:30  INFO 23992 --- [Thread-27] com.zaxxer.hikari.HikariDataSource       : HikariPool-7 - Shutdown initiated...
2023-02-03T00:28:48.542+05:30  INFO 23992 --- [Thread-27] com.zaxxer.hikari.HikariDataSource       : HikariPool-7 - Shutdown completed.
2023-02-03T00:28:48.598+05:30  INFO 23992 --- [restartedMain] c.nv.doctorapp.MyDoctorApp1Application   : Starting MyDoctorApp1Application using Java 17.0.5 with PID 23992 (C:\Users\SAKSJOSH\Desktop\Sprint1\BookMyDoctorApp\MyDoctorApp1\bin\main started by saksjosh in C:\Users\SAKSJOSH\Desktop\Sprint1\BookMyDoctorApp\MyDoctorApp1)
2023-02-03T00:28:48.598+05:30  INFO 23992 --- [restartedMain] c.nv.doctorapp.MyDoctorApp1Application   : No active profile set, falling back to 1 default profile: "default"
2023-02-03T00:28:48.762+05:30  INFO 23992 --- [restartedMain] o.apache.catalina.core.StandardService   : Starting service [Tomcat]
2023-02-03T00:28:48.762+05:30  INFO 23992 --- [restartedMain] o.apache.catalina.core.StandardEngine    : Starting Servlet engine: [Apache Tomcat/10.1.5]
2023-02-03T00:28:48.780+05:30  INFO 23992 --- [restartedMain] o.a.c.c.C.[Tomcat].[localhost].[/]       : Initializing Spring embedded WebApplicationContext
2023-02-03T00:28:48.802+05:30  INFO 23992 --- [restartedMain] o.hibernate.jpa.internal.util.LogHelper  : HHH000204: Processing PersistenceUnitInfo [name: default]
2023-02-03T00:28:48.804+05:30  WARN 23992 --- [restartedMain] org.hibernate.orm.deprecation            : HHH90000021: Encountered deprecated setting [javax.persistence.sharedCache.mode], use [jakarta.persistence.sharedCache.mode] instead
2023-02-03T00:28:48.807+05:30  INFO 23992 --- [restartedMain] com.zaxxer.hikari.HikariDataSource       : HikariPool-8 - Starting...
2023-02-03T00:28:48.868+05:30  INFO 23992 --- [restartedMain] com.zaxxer.hikari.pool.HikariPool        : HikariPool-8 - Added connection org.postgresql.jdbc.PgConnection@7dea43a4
2023-02-03T00:28:48.868+05:30  INFO 23992 --- [restartedMain] com.zaxxer.hikari.HikariDataSource       : HikariPool-8 - Start completed.
2023-02-03T00:28:48.877+05:30  INFO 23992 --- [restartedMain] SQL dialect                              : HHH000400: Using dialect: org.hibernate.dialect.PostgreSQLDialect
2023-02-03T00:28:48.955+05:30  INFO 23992 --- [restartedMain] o.h.e.t.j.p.i.JtaPlatformInitiator       : HHH000490: Using JtaPlatform implementation: [org.hibernate.engine.transaction.jta.platform.internal.NoJtaPlatform]
2023-02-03T00:28:48.960+05:30  INFO 23992 --- [restartedMain] c.n.d.c.doctor.DoctorRestController      :  Doctor Rest Controller Called
2023-02-03T00:28:49.004+05:30  WARN 23992 --- [restartedMain] ocalVariableTableParameterNameDiscoverer : Using deprecated '-debug' fallback for parameter name resolution. Compile the affected code with '-parameters' instead or avoid its introspection: com.nv.doctorapp.repository.hospital.IHospitalRepository
2023-02-03T00:28:49.015+05:30  INFO 23992 --- [restartedMain] c.n.d.c.hospital.HospitalController      : Hospital Controller called
2023-02-03T00:28:49.025+05:30  WARN 23992 --- [restartedMain] JpaBaseConfiguration$JpaWebConfiguration : spring.jpa.open-in-view is enabled by default. Therefore, database queries may be performed during view rendering. Explicitly configure spring.jpa.open-in-view to disable this warning
2023-02-03T00:28:49.076+05:30  INFO 23992 --- [restartedMain] c.nv.doctorapp.MyDoctorApp1Application   : Started MyDoctorApp1Application in 0.495 seconds (process running for 912.116)
2023-02-03T00:30:22.107+05:30  INFO 23992 --- [http-nio-8080-exec-2] o.a.c.c.C.[Tomcat].[localhost].[/]       : Initializing Spring DispatcherServlet 'dispatcherServlet'
2023-02-03T00:30:22.111+05:30  WARN 23992 --- [http-nio-8080-exec-2] .w.s.m.s.DefaultHandlerExceptionResolver : Resolved [org.springframework.web.HttpRequestMethodNotSupportedException: Request method 'DELETE' is not supported]
2023-02-03T00:30:27.635+05:30  WARN 23992 --- [http-nio-8080-exec-3] ocalVariableTableParameterNameDiscoverer : Using deprecated '-debug' fallback for parameter name resolution. Compile the affected code with '-parameters' instead or avoid its introspection: com.nv.doctorapp.controller.hospital.HospitalController
2023-02-03T00:30:27.638+05:30  WARN 23992 --- [http-nio-8080-exec-3] .m.m.a.ExceptionHandlerExceptionResolver : Resolved [java.lang.NullPointerException: Invalid Id]
2023-02-03T00:32:52.729+05:30  INFO 23992 --- [Thread-31] o.apache.catalina.core.StandardService   : Stopping service [Tomcat]
2023-02-03T00:32:52.730+05:30  INFO 23992 --- [Thread-31] o.a.c.c.C.[Tomcat].[localhost].[/]       : Destroying Spring FrameworkServlet 'dispatcherServlet'
2023-02-03T00:32:52.732+05:30  INFO 23992 --- [Thread-31] com.zaxxer.hikari.HikariDataSource       : HikariPool-8 - Shutdown initiated...
2023-02-03T00:32:52.734+05:30  INFO 23992 --- [Thread-31] com.zaxxer.hikari.HikariDataSource       : HikariPool-8 - Shutdown completed.
2023-02-03T00:32:52.790+05:30  INFO 23992 --- [restartedMain] c.nv.doctorapp.MyDoctorApp1Application   : Starting MyDoctorApp1Application using Java 17.0.5 with PID 23992 (C:\Users\SAKSJOSH\Desktop\Sprint1\BookMyDoctorApp\MyDoctorApp1\bin\main started by saksjosh in C:\Users\SAKSJOSH\Desktop\Sprint1\BookMyDoctorApp\MyDoctorApp1)
2023-02-03T00:32:52.790+05:30  INFO 23992 --- [restartedMain] c.nv.doctorapp.MyDoctorApp1Application   : No active profile set, falling back to 1 default profile: "default"
2023-02-03T00:32:52.933+05:30  INFO 23992 --- [restartedMain] o.apache.catalina.core.StandardService   : Starting service [Tomcat]
2023-02-03T00:32:52.933+05:30  INFO 23992 --- [restartedMain] o.apache.catalina.core.StandardEngine    : Starting Servlet engine: [Apache Tomcat/10.1.5]
2023-02-03T00:32:52.949+05:30  INFO 23992 --- [restartedMain] o.a.c.c.C.[Tomcat].[localhost].[/]       : Initializing Spring embedded WebApplicationContext
2023-02-03T00:32:52.966+05:30  INFO 23992 --- [restartedMain] o.hibernate.jpa.internal.util.LogHelper  : HHH000204: Processing PersistenceUnitInfo [name: default]
2023-02-03T00:32:52.968+05:30  WARN 23992 --- [restartedMain] org.hibernate.orm.deprecation            : HHH90000021: Encountered deprecated setting [javax.persistence.sharedCache.mode], use [jakarta.persistence.sharedCache.mode] instead
2023-02-03T00:32:52.971+05:30  INFO 23992 --- [restartedMain] com.zaxxer.hikari.HikariDataSource       : HikariPool-9 - Starting...
2023-02-03T00:32:53.026+05:30  INFO 23992 --- [restartedMain] com.zaxxer.hikari.pool.HikariPool        : HikariPool-9 - Added connection org.postgresql.jdbc.PgConnection@1eed62c7
2023-02-03T00:32:53.027+05:30  INFO 23992 --- [restartedMain] com.zaxxer.hikari.HikariDataSource       : HikariPool-9 - Start completed.
2023-02-03T00:32:53.035+05:30  INFO 23992 --- [restartedMain] SQL dialect                              : HHH000400: Using dialect: org.hibernate.dialect.PostgreSQLDialect
2023-02-03T00:32:53.089+05:30  INFO 23992 --- [restartedMain] o.h.e.t.j.p.i.JtaPlatformInitiator       : HHH000490: Using JtaPlatform implementation: [org.hibernate.engine.transaction.jta.platform.internal.NoJtaPlatform]
2023-02-03T00:32:53.096+05:30  INFO 23992 --- [restartedMain] c.n.d.c.doctor.DoctorRestController      :  Doctor Rest Controller Called
2023-02-03T00:32:53.132+05:30  WARN 23992 --- [restartedMain] ocalVariableTableParameterNameDiscoverer : Using deprecated '-debug' fallback for parameter name resolution. Compile the affected code with '-parameters' instead or avoid its introspection: com.nv.doctorapp.repository.hospital.IHospitalRepository
2023-02-03T00:32:53.138+05:30  INFO 23992 --- [restartedMain] c.n.d.c.hospital.HospitalController      : Hospital Controller called
2023-02-03T00:32:53.150+05:30  WARN 23992 --- [restartedMain] JpaBaseConfiguration$JpaWebConfiguration : spring.jpa.open-in-view is enabled by default. Therefore, database queries may be performed during view rendering. Explicitly configure spring.jpa.open-in-view to disable this warning
2023-02-03T00:32:53.220+05:30  INFO 23992 --- [restartedMain] c.nv.doctorapp.MyDoctorApp1Application   : Started MyDoctorApp1Application in 0.445 seconds (process running for 1156.255)
2023-02-03T00:33:06.943+05:30  INFO 23992 --- [Thread-35] o.apache.catalina.core.StandardService   : Stopping service [Tomcat]
2023-02-03T00:33:06.946+05:30  INFO 23992 --- [Thread-35] com.zaxxer.hikari.HikariDataSource       : HikariPool-9 - Shutdown initiated...
2023-02-03T00:33:06.948+05:30  INFO 23992 --- [Thread-35] com.zaxxer.hikari.HikariDataSource       : HikariPool-9 - Shutdown completed.
2023-02-03T00:33:07.002+05:30  INFO 23992 --- [restartedMain] c.nv.doctorapp.MyDoctorApp1Application   : Starting MyDoctorApp1Application using Java 17.0.5 with PID 23992 (C:\Users\SAKSJOSH\Desktop\Sprint1\BookMyDoctorApp\MyDoctorApp1\bin\main started by saksjosh in C:\Users\SAKSJOSH\Desktop\Sprint1\BookMyDoctorApp\MyDoctorApp1)
2023-02-03T00:33:07.003+05:30  INFO 23992 --- [restartedMain] c.nv.doctorapp.MyDoctorApp1Application   : No active profile set, falling back to 1 default profile: "default"
2023-02-03T00:33:07.129+05:30  INFO 23992 --- [restartedMain] o.apache.catalina.core.StandardService   : Starting service [Tomcat]
2023-02-03T00:33:07.129+05:30  INFO 23992 --- [restartedMain] o.apache.catalina.core.StandardEngine    : Starting Servlet engine: [Apache Tomcat/10.1.5]
2023-02-03T00:33:07.151+05:30  INFO 23992 --- [restartedMain] o.a.c.c.C.[Tomcat].[localhost].[/]       : Initializing Spring embedded WebApplicationContext
2023-02-03T00:33:07.165+05:30  INFO 23992 --- [restartedMain] o.hibernate.jpa.internal.util.LogHelper  : HHH000204: Processing PersistenceUnitInfo [name: default]
2023-02-03T00:33:07.167+05:30  WARN 23992 --- [restartedMain] org.hibernate.orm.deprecation            : HHH90000021: Encountered deprecated setting [javax.persistence.sharedCache.mode], use [jakarta.persistence.sharedCache.mode] instead
2023-02-03T00:33:07.169+05:30  INFO 23992 --- [restartedMain] com.zaxxer.hikari.HikariDataSource       : HikariPool-10 - Starting...
2023-02-03T00:33:07.219+05:30  INFO 23992 --- [restartedMain] com.zaxxer.hikari.pool.HikariPool        : HikariPool-10 - Added connection org.postgresql.jdbc.PgConnection@39c780f9
2023-02-03T00:33:07.219+05:30  INFO 23992 --- [restartedMain] com.zaxxer.hikari.HikariDataSource       : HikariPool-10 - Start completed.
2023-02-03T00:33:07.227+05:30  INFO 23992 --- [restartedMain] SQL dialect                              : HHH000400: Using dialect: org.hibernate.dialect.PostgreSQLDialect
2023-02-03T00:33:07.288+05:30  INFO 23992 --- [restartedMain] o.h.e.t.j.p.i.JtaPlatformInitiator       : HHH000490: Using JtaPlatform implementation: [org.hibernate.engine.transaction.jta.platform.internal.NoJtaPlatform]
2023-02-03T00:33:07.293+05:30  INFO 23992 --- [restartedMain] c.n.d.c.doctor.DoctorRestController      :  Doctor Rest Controller Called
2023-02-03T00:33:07.323+05:30  WARN 23992 --- [restartedMain] ocalVariableTableParameterNameDiscoverer : Using deprecated '-debug' fallback for parameter name resolution. Compile the affected code with '-parameters' instead or avoid its introspection: com.nv.doctorapp.repository.hospital.IHospitalRepository
2023-02-03T00:33:07.329+05:30  INFO 23992 --- [restartedMain] c.n.d.c.hospital.HospitalController      : Hospital Controller called
2023-02-03T00:33:07.337+05:30  WARN 23992 --- [restartedMain] JpaBaseConfiguration$JpaWebConfiguration : spring.jpa.open-in-view is enabled by default. Therefore, database queries may be performed during view rendering. Explicitly configure spring.jpa.open-in-view to disable this warning
2023-02-03T00:33:07.384+05:30  INFO 23992 --- [restartedMain] c.nv.doctorapp.MyDoctorApp1Application   : Started MyDoctorApp1Application in 0.395 seconds (process running for 1170.419)
2023-02-03T00:33:11.911+05:30  INFO 23992 --- [Thread-39] o.apache.catalina.core.StandardService   : Stopping service [Tomcat]
2023-02-03T00:33:11.914+05:30  INFO 23992 --- [Thread-39] com.zaxxer.hikari.HikariDataSource       : HikariPool-10 - Shutdown initiated...
2023-02-03T00:33:11.915+05:30  INFO 23992 --- [Thread-39] com.zaxxer.hikari.HikariDataSource       : HikariPool-10 - Shutdown completed.
2023-02-03T00:33:11.969+05:30  INFO 23992 --- [restartedMain] c.nv.doctorapp.MyDoctorApp1Application   : Starting MyDoctorApp1Application using Java 17.0.5 with PID 23992 (C:\Users\SAKSJOSH\Desktop\Sprint1\BookMyDoctorApp\MyDoctorApp1\bin\main started by saksjosh in C:\Users\SAKSJOSH\Desktop\Sprint1\BookMyDoctorApp\MyDoctorApp1)
2023-02-03T00:33:11.969+05:30  INFO 23992 --- [restartedMain] c.nv.doctorapp.MyDoctorApp1Application   : No active profile set, falling back to 1 default profile: "default"
2023-02-03T00:33:12.101+05:30  INFO 23992 --- [restartedMain] o.apache.catalina.core.StandardService   : Starting service [Tomcat]
2023-02-03T00:33:12.102+05:30  INFO 23992 --- [restartedMain] o.apache.catalina.core.StandardEngine    : Starting Servlet engine: [Apache Tomcat/10.1.5]
2023-02-03T00:33:12.128+05:30  INFO 23992 --- [restartedMain] o.a.c.c.C.[Tomcat].[localhost].[/]       : Initializing Spring embedded WebApplicationContext
2023-02-03T00:33:12.146+05:30  INFO 23992 --- [restartedMain] o.hibernate.jpa.internal.util.LogHelper  : HHH000204: Processing PersistenceUnitInfo [name: default]
2023-02-03T00:33:12.147+05:30  WARN 23992 --- [restartedMain] org.hibernate.orm.deprecation            : HHH90000021: Encountered deprecated setting [javax.persistence.sharedCache.mode], use [jakarta.persistence.sharedCache.mode] instead
2023-02-03T00:33:12.150+05:30  INFO 23992 --- [restartedMain] com.zaxxer.hikari.HikariDataSource       : HikariPool-11 - Starting...
2023-02-03T00:33:12.206+05:30  INFO 23992 --- [restartedMain] com.zaxxer.hikari.pool.HikariPool        : HikariPool-11 - Added connection org.postgresql.jdbc.PgConnection@4b3fd44
2023-02-03T00:33:12.206+05:30  INFO 23992 --- [restartedMain] com.zaxxer.hikari.HikariDataSource       : HikariPool-11 - Start completed.
2023-02-03T00:33:12.214+05:30  INFO 23992 --- [restartedMain] SQL dialect                              : HHH000400: Using dialect: org.hibernate.dialect.PostgreSQLDialect
2023-02-03T00:33:12.295+05:30  INFO 23992 --- [restartedMain] o.h.e.t.j.p.i.JtaPlatformInitiator       : HHH000490: Using JtaPlatform implementation: [org.hibernate.engine.transaction.jta.platform.internal.NoJtaPlatform]
2023-02-03T00:33:12.305+05:30  INFO 23992 --- [restartedMain] c.n.d.c.doctor.DoctorRestController      :  Doctor Rest Controller Called
2023-02-03T00:33:12.340+05:30  WARN 23992 --- [restartedMain] ocalVariableTableParameterNameDiscoverer : Using deprecated '-debug' fallback for parameter name resolution. Compile the affected code with '-parameters' instead or avoid its introspection: com.nv.doctorapp.repository.hospital.IHospitalRepository
2023-02-03T00:33:12.346+05:30  INFO 23992 --- [restartedMain] c.n.d.c.hospital.HospitalController      : Hospital Controller called
2023-02-03T00:33:12.358+05:30  WARN 23992 --- [restartedMain] JpaBaseConfiguration$JpaWebConfiguration : spring.jpa.open-in-view is enabled by default. Therefore, database queries may be performed during view rendering. Explicitly configure spring.jpa.open-in-view to disable this warning
2023-02-03T00:33:12.423+05:30  INFO 23992 --- [restartedMain] c.nv.doctorapp.MyDoctorApp1Application   : Started MyDoctorApp1Application in 0.469 seconds (process running for 1175.459)
2023-02-03T00:33:26.178+05:30  INFO 23992 --- [Thread-43] o.apache.catalina.core.StandardService   : Stopping service [Tomcat]
2023-02-03T00:33:26.181+05:30  INFO 23992 --- [Thread-43] com.zaxxer.hikari.HikariDataSource       : HikariPool-11 - Shutdown initiated...
2023-02-03T00:33:26.183+05:30  INFO 23992 --- [Thread-43] com.zaxxer.hikari.HikariDataSource       : HikariPool-11 - Shutdown completed.
2023-02-03T00:33:26.240+05:30  INFO 23992 --- [restartedMain] c.nv.doctorapp.MyDoctorApp1Application   : Starting MyDoctorApp1Application using Java 17.0.5 with PID 23992 (C:\Users\SAKSJOSH\Desktop\Sprint1\BookMyDoctorApp\MyDoctorApp1\bin\main started by saksjosh in C:\Users\SAKSJOSH\Desktop\Sprint1\BookMyDoctorApp\MyDoctorApp1)
2023-02-03T00:33:26.240+05:30  INFO 23992 --- [restartedMain] c.nv.doctorapp.MyDoctorApp1Application   : No active profile set, falling back to 1 default profile: "default"
2023-02-03T00:33:26.362+05:30  INFO 23992 --- [restartedMain] o.apache.catalina.core.StandardService   : Starting service [Tomcat]
2023-02-03T00:33:26.362+05:30  INFO 23992 --- [restartedMain] o.apache.catalina.core.StandardEngine    : Starting Servlet engine: [Apache Tomcat/10.1.5]
2023-02-03T00:33:26.386+05:30  INFO 23992 --- [restartedMain] o.a.c.c.C.[Tomcat].[localhost].[/]       : Initializing Spring embedded WebApplicationContext
2023-02-03T00:33:26.400+05:30  INFO 23992 --- [restartedMain] o.hibernate.jpa.internal.util.LogHelper  : HHH000204: Processing PersistenceUnitInfo [name: default]
2023-02-03T00:33:26.402+05:30  WARN 23992 --- [restartedMain] org.hibernate.orm.deprecation            : HHH90000021: Encountered deprecated setting [javax.persistence.sharedCache.mode], use [jakarta.persistence.sharedCache.mode] instead
2023-02-03T00:33:26.404+05:30  INFO 23992 --- [restartedMain] com.zaxxer.hikari.HikariDataSource       : HikariPool-12 - Starting...
2023-02-03T00:33:26.476+05:30  INFO 23992 --- [restartedMain] com.zaxxer.hikari.pool.HikariPool        : HikariPool-12 - Added connection org.postgresql.jdbc.PgConnection@14ccaeaf
2023-02-03T00:33:26.476+05:30  INFO 23992 --- [restartedMain] com.zaxxer.hikari.HikariDataSource       : HikariPool-12 - Start completed.
2023-02-03T00:33:26.491+05:30  INFO 23992 --- [restartedMain] SQL dialect                              : HHH000400: Using dialect: org.hibernate.dialect.PostgreSQLDialect
2023-02-03T00:33:26.556+05:30  INFO 23992 --- [restartedMain] o.h.e.t.j.p.i.JtaPlatformInitiator       : HHH000490: Using JtaPlatform implementation: [org.hibernate.engine.transaction.jta.platform.internal.NoJtaPlatform]
2023-02-03T00:33:26.561+05:30  INFO 23992 --- [restartedMain] c.n.d.c.doctor.DoctorRestController      :  Doctor Rest Controller Called
2023-02-03T00:33:26.587+05:30  WARN 23992 --- [restartedMain] ocalVariableTableParameterNameDiscoverer : Using deprecated '-debug' fallback for parameter name resolution. Compile the affected code with '-parameters' instead or avoid its introspection: com.nv.doctorapp.repository.hospital.IHospitalRepository
2023-02-03T00:33:26.593+05:30  INFO 23992 --- [restartedMain] c.n.d.c.hospital.HospitalController      : Hospital Controller called
2023-02-03T00:33:26.601+05:30  WARN 23992 --- [restartedMain] JpaBaseConfiguration$JpaWebConfiguration : spring.jpa.open-in-view is enabled by default. Therefore, database queries may be performed during view rendering. Explicitly configure spring.jpa.open-in-view to disable this warning
2023-02-03T00:33:26.652+05:30  INFO 23992 --- [restartedMain] c.nv.doctorapp.MyDoctorApp1Application   : Started MyDoctorApp1Application in 0.427 seconds (process running for 1189.687)
2023-02-03T00:33:41.448+05:30  INFO 23992 --- [Thread-47] o.apache.catalina.core.StandardService   : Stopping service [Tomcat]
2023-02-03T00:33:41.451+05:30  INFO 23992 --- [Thread-47] com.zaxxer.hikari.HikariDataSource       : HikariPool-12 - Shutdown initiated...
2023-02-03T00:33:41.452+05:30  INFO 23992 --- [Thread-47] com.zaxxer.hikari.HikariDataSource       : HikariPool-12 - Shutdown completed.
2023-02-03T00:33:41.508+05:30  INFO 23992 --- [restartedMain] c.nv.doctorapp.MyDoctorApp1Application   : Starting MyDoctorApp1Application using Java 17.0.5 with PID 23992 (C:\Users\SAKSJOSH\Desktop\Sprint1\BookMyDoctorApp\MyDoctorApp1\bin\main started by saksjosh in C:\Users\SAKSJOSH\Desktop\Sprint1\BookMyDoctorApp\MyDoctorApp1)
2023-02-03T00:33:41.508+05:30  INFO 23992 --- [restartedMain] c.nv.doctorapp.MyDoctorApp1Application   : No active profile set, falling back to 1 default profile: "default"
2023-02-03T00:33:41.632+05:30  INFO 23992 --- [restartedMain] o.apache.catalina.core.StandardService   : Starting service [Tomcat]
2023-02-03T00:33:41.632+05:30  INFO 23992 --- [restartedMain] o.apache.catalina.core.StandardEngine    : Starting Servlet engine: [Apache Tomcat/10.1.5]
2023-02-03T00:33:41.655+05:30  INFO 23992 --- [restartedMain] o.a.c.c.C.[Tomcat].[localhost].[/]       : Initializing Spring embedded WebApplicationContext
2023-02-03T00:33:41.670+05:30  INFO 23992 --- [restartedMain] o.hibernate.jpa.internal.util.LogHelper  : HHH000204: Processing PersistenceUnitInfo [name: default]
2023-02-03T00:33:41.672+05:30  WARN 23992 --- [restartedMain] org.hibernate.orm.deprecation            : HHH90000021: Encountered deprecated setting [javax.persistence.sharedCache.mode], use [jakarta.persistence.sharedCache.mode] instead
2023-02-03T00:33:41.674+05:30  INFO 23992 --- [restartedMain] com.zaxxer.hikari.HikariDataSource       : HikariPool-13 - Starting...
2023-02-03T00:33:41.727+05:30  INFO 23992 --- [restartedMain] com.zaxxer.hikari.pool.HikariPool        : HikariPool-13 - Added connection org.postgresql.jdbc.PgConnection@209b1eb5
2023-02-03T00:33:41.727+05:30  INFO 23992 --- [restartedMain] com.zaxxer.hikari.HikariDataSource       : HikariPool-13 - Start completed.
2023-02-03T00:33:41.735+05:30  INFO 23992 --- [restartedMain] SQL dialect                              : HHH000400: Using dialect: org.hibernate.dialect.PostgreSQLDialect
2023-02-03T00:33:41.790+05:30  INFO 23992 --- [restartedMain] o.h.e.t.j.p.i.JtaPlatformInitiator       : HHH000490: Using JtaPlatform implementation: [org.hibernate.engine.transaction.jta.platform.internal.NoJtaPlatform]
2023-02-03T00:33:41.794+05:30  INFO 23992 --- [restartedMain] c.n.d.c.doctor.DoctorRestController      :  Doctor Rest Controller Called
2023-02-03T00:33:41.825+05:30  WARN 23992 --- [restartedMain] ocalVariableTableParameterNameDiscoverer : Using deprecated '-debug' fallback for parameter name resolution. Compile the affected code with '-parameters' instead or avoid its introspection: com.nv.doctorapp.repository.hospital.IHospitalRepository
2023-02-03T00:33:41.831+05:30  INFO 23992 --- [restartedMain] c.n.d.c.hospital.HospitalController      : Hospital Controller called
2023-02-03T00:33:41.838+05:30  WARN 23992 --- [restartedMain] JpaBaseConfiguration$JpaWebConfiguration : spring.jpa.open-in-view is enabled by default. Therefore, database queries may be performed during view rendering. Explicitly configure spring.jpa.open-in-view to disable this warning
2023-02-03T00:33:41.895+05:30  INFO 23992 --- [restartedMain] c.nv.doctorapp.MyDoctorApp1Application   : Started MyDoctorApp1Application in 0.4 seconds (process running for 1204.929)
2023-02-03T00:34:38.737+05:30  INFO 23992 --- [Thread-51] o.apache.catalina.core.StandardService   : Stopping service [Tomcat]
2023-02-03T00:34:38.739+05:30  INFO 23992 --- [Thread-51] com.zaxxer.hikari.HikariDataSource       : HikariPool-13 - Shutdown initiated...
2023-02-03T00:34:38.741+05:30  INFO 23992 --- [Thread-51] com.zaxxer.hikari.HikariDataSource       : HikariPool-13 - Shutdown completed.
2023-02-03T00:34:38.793+05:30  INFO 23992 --- [restartedMain] c.nv.doctorapp.MyDoctorApp1Application   : Starting MyDoctorApp1Application using Java 17.0.5 with PID 23992 (C:\Users\SAKSJOSH\Desktop\Sprint1\BookMyDoctorApp\MyDoctorApp1\bin\main started by saksjosh in C:\Users\SAKSJOSH\Desktop\Sprint1\BookMyDoctorApp\MyDoctorApp1)
2023-02-03T00:34:38.793+05:30  INFO 23992 --- [restartedMain] c.nv.doctorapp.MyDoctorApp1Application   : No active profile set, falling back to 1 default profile: "default"
2023-02-03T00:34:38.907+05:30  INFO 23992 --- [restartedMain] o.apache.catalina.core.StandardService   : Starting service [Tomcat]
2023-02-03T00:34:38.907+05:30  INFO 23992 --- [restartedMain] o.apache.catalina.core.StandardEngine    : Starting Servlet engine: [Apache Tomcat/10.1.5]
2023-02-03T00:34:38.931+05:30  INFO 23992 --- [restartedMain] o.a.c.c.C.[Tomcat].[localhost].[/]       : Initializing Spring embedded WebApplicationContext
2023-02-03T00:34:38.946+05:30  INFO 23992 --- [restartedMain] o.hibernate.jpa.internal.util.LogHelper  : HHH000204: Processing PersistenceUnitInfo [name: default]
2023-02-03T00:34:38.949+05:30  WARN 23992 --- [restartedMain] org.hibernate.orm.deprecation            : HHH90000021: Encountered deprecated setting [javax.persistence.sharedCache.mode], use [jakarta.persistence.sharedCache.mode] instead
2023-02-03T00:34:38.951+05:30  INFO 23992 --- [restartedMain] com.zaxxer.hikari.HikariDataSource       : HikariPool-14 - Starting...
2023-02-03T00:34:39.005+05:30  INFO 23992 --- [restartedMain] com.zaxxer.hikari.pool.HikariPool        : HikariPool-14 - Added connection org.postgresql.jdbc.PgConnection@5662f768
2023-02-03T00:34:39.005+05:30  INFO 23992 --- [restartedMain] com.zaxxer.hikari.HikariDataSource       : HikariPool-14 - Start completed.
2023-02-03T00:34:39.013+05:30  INFO 23992 --- [restartedMain] SQL dialect                              : HHH000400: Using dialect: org.hibernate.dialect.PostgreSQLDialect
2023-02-03T00:34:39.068+05:30  INFO 23992 --- [restartedMain] o.h.e.t.j.p.i.JtaPlatformInitiator       : HHH000490: Using JtaPlatform implementation: [org.hibernate.engine.transaction.jta.platform.internal.NoJtaPlatform]
2023-02-03T00:34:39.072+05:30  INFO 23992 --- [restartedMain] c.n.d.c.doctor.DoctorRestController      :  Doctor Rest Controller Called
2023-02-03T00:34:39.097+05:30  WARN 23992 --- [restartedMain] ocalVariableTableParameterNameDiscoverer : Using deprecated '-debug' fallback for parameter name resolution. Compile the affected code with '-parameters' instead or avoid its introspection: com.nv.doctorapp.repository.hospital.IHospitalRepository
2023-02-03T00:34:39.102+05:30  INFO 23992 --- [restartedMain] c.n.d.c.hospital.HospitalController      : Hospital Controller called
2023-02-03T00:34:39.108+05:30  WARN 23992 --- [restartedMain] JpaBaseConfiguration$JpaWebConfiguration : spring.jpa.open-in-view is enabled by default. Therefore, database queries may be performed during view rendering. Explicitly configure spring.jpa.open-in-view to disable this warning
2023-02-03T00:34:39.155+05:30  INFO 23992 --- [restartedMain] c.nv.doctorapp.MyDoctorApp1Application   : Started MyDoctorApp1Application in 0.374 seconds (process running for 1262.187)
2023-02-03T00:35:29.954+05:30  INFO 23992 --- [Thread-55] o.apache.catalina.core.StandardService   : Stopping service [Tomcat]
2023-02-03T00:35:29.956+05:30  INFO 23992 --- [Thread-55] com.zaxxer.hikari.HikariDataSource       : HikariPool-14 - Shutdown initiated...
2023-02-03T00:35:29.958+05:30  INFO 23992 --- [Thread-55] com.zaxxer.hikari.HikariDataSource       : HikariPool-14 - Shutdown completed.
2023-02-03T00:35:30.014+05:30  INFO 23992 --- [restartedMain] c.nv.doctorapp.MyDoctorApp1Application   : Starting MyDoctorApp1Application using Java 17.0.5 with PID 23992 (C:\Users\SAKSJOSH\Desktop\Sprint1\BookMyDoctorApp\MyDoctorApp1\bin\main started by saksjosh in C:\Users\SAKSJOSH\Desktop\Sprint1\BookMyDoctorApp\MyDoctorApp1)
2023-02-03T00:35:30.014+05:30  INFO 23992 --- [restartedMain] c.nv.doctorapp.MyDoctorApp1Application   : No active profile set, falling back to 1 default profile: "default"
2023-02-03T00:35:30.127+05:30  INFO 23992 --- [restartedMain] o.apache.catalina.core.StandardService   : Starting service [Tomcat]
2023-02-03T00:35:30.127+05:30  INFO 23992 --- [restartedMain] o.apache.catalina.core.StandardEngine    : Starting Servlet engine: [Apache Tomcat/10.1.5]
2023-02-03T00:35:30.149+05:30  INFO 23992 --- [restartedMain] o.a.c.c.C.[Tomcat].[localhost].[/]       : Initializing Spring embedded WebApplicationContext
2023-02-03T00:35:30.165+05:30  INFO 23992 --- [restartedMain] o.hibernate.jpa.internal.util.LogHelper  : HHH000204: Processing PersistenceUnitInfo [name: default]
2023-02-03T00:35:30.167+05:30  WARN 23992 --- [restartedMain] org.hibernate.orm.deprecation            : HHH90000021: Encountered deprecated setting [javax.persistence.sharedCache.mode], use [jakarta.persistence.sharedCache.mode] instead
2023-02-03T00:35:30.169+05:30  INFO 23992 --- [restartedMain] com.zaxxer.hikari.HikariDataSource       : HikariPool-15 - Starting...
2023-02-03T00:35:30.239+05:30  INFO 23992 --- [restartedMain] com.zaxxer.hikari.pool.HikariPool        : HikariPool-15 - Added connection org.postgresql.jdbc.PgConnection@64052311
2023-02-03T00:35:30.240+05:30  INFO 23992 --- [restartedMain] com.zaxxer.hikari.HikariDataSource       : HikariPool-15 - Start completed.
2023-02-03T00:35:30.254+05:30  INFO 23992 --- [restartedMain] SQL dialect                              : HHH000400: Using dialect: org.hibernate.dialect.PostgreSQLDialect
2023-02-03T00:35:30.334+05:30  INFO 23992 --- [restartedMain] o.h.e.t.j.p.i.JtaPlatformInitiator       : HHH000490: Using JtaPlatform implementation: [org.hibernate.engine.transaction.jta.platform.internal.NoJtaPlatform]
2023-02-03T00:35:30.340+05:30  INFO 23992 --- [restartedMain] c.n.d.c.doctor.DoctorRestController      :  Doctor Rest Controller Called
2023-02-03T00:35:30.381+05:30  WARN 23992 --- [restartedMain] ocalVariableTableParameterNameDiscoverer : Using deprecated '-debug' fallback for parameter name resolution. Compile the affected code with '-parameters' instead or avoid its introspection: com.nv.doctorapp.repository.hospital.IHospitalRepository
2023-02-03T00:35:30.389+05:30  INFO 23992 --- [restartedMain] c.n.d.c.hospital.HospitalController      : Hospital Controller called
